This file contains any messages produced by compilers while
running configure, to aid debugging if configure makes a mistake.

It was created by FreeType configure 2.10.1, which was
generated by GNU Autoconf 2.69.  Invocation command line was

  $ ./configure --without-bzip2 --disable-static --prefix=/home/aluoch/pc-labs/Klassify/.buildozer/android/platform/build-arm64-v8a_armeabi-v7a/build/other_builds/freetype/arm64-v8a__ndk_target_21/freetype --enable-shared --host=aarch64-linux-android --with-harfbuzz=no --with-zlib=yes --with-png=no

## --------- ##
## Platform. ##
## --------- ##

hostname = aluoch-HP
uname -m = x86_64
uname -r = 6.8.0-47-generic
uname -s = Linux
uname -v = #47~22.04.1-Ubuntu SMP PREEMPT_DYNAMIC Wed Oct  2 16:16:55 UTC 2

/usr/bin/uname -p = x86_64
/bin/uname -X     = unknown

/bin/arch              = x86_64
/usr/bin/arch -k       = unknown
/usr/convex/getsysinfo = unknown
/usr/bin/hostinfo      = unknown
/bin/machine           = unknown
/usr/bin/oslevel       = unknown
/bin/universe          = unknown

PATH: /home/aluoch/.buildozer/android/platform/android-ndk-r25b/toolchains/llvm/prebuilt/linux-x86_64/bin
PATH: /home/aluoch/.buildozer/android/platform/android-ndk-r25b
PATH: /home/aluoch/.buildozer/android/platform/android-sdk/tools
PATH: /home/aluoch/.buildozer/android/platform/apache-ant-1.9.4/bin
PATH: /home/aluoch/.rbenv/shims
PATH: /home/aluoch/.rbenv/bin
PATH: /home/aluoch/.rbenv/shims
PATH: /home/aluoch/.local/bin
PATH: /home/aluoch/bin
PATH: /home/aluoch/anaconda3/condabin
PATH: /home/aluoch/.rbenv/shims
PATH: /home/aluoch/.rbenv/bin
PATH: /home/aluoch/.rbenv/shims
PATH: /home/aluoch/.rbenv/bin
PATH: /home/aluoch/.nvm/versions/node/v20.12.2/bin
PATH: /home/aluoch/.cargo/bin
PATH: /home/aluoch/.local/bin
PATH: /home/aluoch/bin
PATH: /usr/local/sbin
PATH: /usr/local/bin
PATH: /usr/sbin
PATH: /usr/bin
PATH: /sbin
PATH: /bin
PATH: /usr/games
PATH: /usr/local/games
PATH: /snap/bin
PATH: /snap/bin
PATH: /home/aluoch/Android/Sdk/emulator
PATH: /home/aluoch/Android/Sdk/platform-tools
PATH: /home/aluoch/.local/share/JetBrains/Toolbox/scripts
PATH: /home/aluoch/Android/Sdk/emulator
PATH: /home/aluoch/Android/Sdk/platform-tools


## ----------- ##
## Core tests. ##
## ----------- ##

configure:2547: checking build system type
configure:2561: result: x86_64-pc-linux-gnu
configure:2581: checking host system type
configure:2594: result: aarch64-unknown-linux-android
configure:2626: checking for aarch64-linux-android-gcc
configure:2653: result: /home/aluoch/.buildozer/android/platform/android-ndk-r25b/toolchains/llvm/prebuilt/linux-x86_64/bin/clang -target aarch64-linux-android21 -fomit-frame-pointer -march=armv8-a -fPIC
configure:2922: checking for C compiler version
configure:2931: /home/aluoch/.buildozer/android/platform/android-ndk-r25b/toolchains/llvm/prebuilt/linux-x86_64/bin/clang -target aarch64-linux-android21 -fomit-frame-pointer -march=armv8-a -fPIC --version >&5
Android (8490178, based on r450784d) clang version 14.0.6 (https://android.googlesource.com/toolchain/llvm-project 4c603efb0cca074e9238af8b4106c30add4418f6)
Target: aarch64-unknown-linux-android21
Thread model: posix
InstalledDir: /home/aluoch/.buildozer/android/platform/android-ndk-r25b/toolchains/llvm/prebuilt/linux-x86_64/bin
configure:2942: $? = 0
configure:2931: /home/aluoch/.buildozer/android/platform/android-ndk-r25b/toolchains/llvm/prebuilt/linux-x86_64/bin/clang -target aarch64-linux-android21 -fomit-frame-pointer -march=armv8-a -fPIC -v >&5
Android (8490178, based on r450784d) clang version 14.0.6 (https://android.googlesource.com/toolchain/llvm-project 4c603efb0cca074e9238af8b4106c30add4418f6)
Target: aarch64-unknown-linux-android21
Thread model: posix
InstalledDir: /home/aluoch/.buildozer/android/platform/android-ndk-r25b/toolchains/llvm/prebuilt/linux-x86_64/bin
clang-14: warning: argument unused during compilation: '-fomit-frame-pointer' [-Wunused-command-line-argument]
clang-14: warning: argument unused during compilation: '-fPIC' [-Wunused-command-line-argument]
configure:2942: $? = 0
configure:2931: /home/aluoch/.buildozer/android/platform/android-ndk-r25b/toolchains/llvm/prebuilt/linux-x86_64/bin/clang -target aarch64-linux-android21 -fomit-frame-pointer -march=armv8-a -fPIC -V >&5
clang-14: error: argument to '-V' is missing (expected 1 value)
clang-14: error: no input files
configure:2942: $? = 1
configure:2931: /home/aluoch/.buildozer/android/platform/android-ndk-r25b/toolchains/llvm/prebuilt/linux-x86_64/bin/clang -target aarch64-linux-android21 -fomit-frame-pointer -march=armv8-a -fPIC -qversion >&5
clang-14: error: unknown argument '-qversion'; did you mean '--version'?
clang-14: error: no input files
configure:2942: $? = 1
configure:2962: checking whether the C compiler works
configure:2984: /home/aluoch/.buildozer/android/platform/android-ndk-r25b/toolchains/llvm/prebuilt/linux-x86_64/bin/clang -target aarch64-linux-android21 -fomit-frame-pointer -march=armv8-a -fPIC -target aarch64-linux-android21 -fomit-frame-pointer -march=armv8-a -fPIC -I/home/aluoch/.buildozer/android/platform/android-ndk-r25b/toolchains/llvm/prebuilt/linux-x86_64/sysroot/usr/include -DANDROID -I/home/aluoch/.buildozer/android/platform/android-ndk-r25b/toolchains/llvm/prebuilt/linux-x86_64/sysroot/usr/include -I/home/aluoch/pc-labs/Klassify/.buildozer/android/platform/build-arm64-v8a_armeabi-v7a/build/python-installs/klassify/arm64-v8a/include/python3.1   -L/home/aluoch/pc-labs/Klassify/.buildozer/android/platform/build-arm64-v8a_armeabi-v7a/build/libs_collections/klassify/arm64-v8a -L/home/aluoch/.buildozer/android/platform/android-ndk-r25b/toolchains/llvm/prebuilt/linux-x86_64/sysroot/usr/lib/aarch64-linux-android/21 conftest.c  >&5
configure:2988: $? = 0
configure:3036: result: yes
configure:3039: checking for C compiler default output file name
configure:3041: result: a.out
configure:3047: checking for suffix of executables
configure:3054: /home/aluoch/.buildozer/android/platform/android-ndk-r25b/toolchains/llvm/prebuilt/linux-x86_64/bin/clang -target aarch64-linux-android21 -fomit-frame-pointer -march=armv8-a -fPIC -o conftest -target aarch64-linux-android21 -fomit-frame-pointer -march=armv8-a -fPIC -I/home/aluoch/.buildozer/android/platform/android-ndk-r25b/toolchains/llvm/prebuilt/linux-x86_64/sysroot/usr/include -DANDROID -I/home/aluoch/.buildozer/android/platform/android-ndk-r25b/toolchains/llvm/prebuilt/linux-x86_64/sysroot/usr/include -I/home/aluoch/pc-labs/Klassify/.buildozer/android/platform/build-arm64-v8a_armeabi-v7a/build/python-installs/klassify/arm64-v8a/include/python3.1   -L/home/aluoch/pc-labs/Klassify/.buildozer/android/platform/build-arm64-v8a_armeabi-v7a/build/libs_collections/klassify/arm64-v8a -L/home/aluoch/.buildozer/android/platform/android-ndk-r25b/toolchains/llvm/prebuilt/linux-x86_64/sysroot/usr/lib/aarch64-linux-android/21 conftest.c  >&5
configure:3058: $? = 0
configure:3080: result: 
configure:3102: checking whether we are cross compiling
configure:3110: /home/aluoch/.buildozer/android/platform/android-ndk-r25b/toolchains/llvm/prebuilt/linux-x86_64/bin/clang -target aarch64-linux-android21 -fomit-frame-pointer -march=armv8-a -fPIC -o conftest -target aarch64-linux-android21 -fomit-frame-pointer -march=armv8-a -fPIC -I/home/aluoch/.buildozer/android/platform/android-ndk-r25b/toolchains/llvm/prebuilt/linux-x86_64/sysroot/usr/include -DANDROID -I/home/aluoch/.buildozer/android/platform/android-ndk-r25b/toolchains/llvm/prebuilt/linux-x86_64/sysroot/usr/include -I/home/aluoch/pc-labs/Klassify/.buildozer/android/platform/build-arm64-v8a_armeabi-v7a/build/python-installs/klassify/arm64-v8a/include/python3.1   -L/home/aluoch/pc-labs/Klassify/.buildozer/android/platform/build-arm64-v8a_armeabi-v7a/build/libs_collections/klassify/arm64-v8a -L/home/aluoch/.buildozer/android/platform/android-ndk-r25b/toolchains/llvm/prebuilt/linux-x86_64/sysroot/usr/lib/aarch64-linux-android/21 conftest.c  >&5
configure:3114: $? = 0
configure:3121: ./conftest
./configure: line 3123: ./conftest: cannot execute binary file: Exec format error
configure:3125: $? = 126
configure:3140: result: yes
configure:3145: checking for suffix of object files
configure:3167: /home/aluoch/.buildozer/android/platform/android-ndk-r25b/toolchains/llvm/prebuilt/linux-x86_64/bin/clang -target aarch64-linux-android21 -fomit-frame-pointer -march=armv8-a -fPIC -c -target aarch64-linux-android21 -fomit-frame-pointer -march=armv8-a -fPIC -I/home/aluoch/.buildozer/android/platform/android-ndk-r25b/toolchains/llvm/prebuilt/linux-x86_64/sysroot/usr/include -DANDROID -I/home/aluoch/.buildozer/android/platform/android-ndk-r25b/toolchains/llvm/prebuilt/linux-x86_64/sysroot/usr/include -I/home/aluoch/pc-labs/Klassify/.buildozer/android/platform/build-arm64-v8a_armeabi-v7a/build/python-installs/klassify/arm64-v8a/include/python3.1 conftest.c >&5
configure:3171: $? = 0
configure:3192: result: o
configure:3196: checking whether we are using the GNU C compiler
configure:3215: /home/aluoch/.buildozer/android/platform/android-ndk-r25b/toolchains/llvm/prebuilt/linux-x86_64/bin/clang -target aarch64-linux-android21 -fomit-frame-pointer -march=armv8-a -fPIC -c -target aarch64-linux-android21 -fomit-frame-pointer -march=armv8-a -fPIC -I/home/aluoch/.buildozer/android/platform/android-ndk-r25b/toolchains/llvm/prebuilt/linux-x86_64/sysroot/usr/include -DANDROID -I/home/aluoch/.buildozer/android/platform/android-ndk-r25b/toolchains/llvm/prebuilt/linux-x86_64/sysroot/usr/include -I/home/aluoch/pc-labs/Klassify/.buildozer/android/platform/build-arm64-v8a_armeabi-v7a/build/python-installs/klassify/arm64-v8a/include/python3.1 conftest.c >&5
configure:3215: $? = 0
configure:3224: result: yes
configure:3233: checking whether /home/aluoch/.buildozer/android/platform/android-ndk-r25b/toolchains/llvm/prebuilt/linux-x86_64/bin/clang -target aarch64-linux-android21 -fomit-frame-pointer -march=armv8-a -fPIC accepts -g
configure:3253: /home/aluoch/.buildozer/android/platform/android-ndk-r25b/toolchains/llvm/prebuilt/linux-x86_64/bin/clang -target aarch64-linux-android21 -fomit-frame-pointer -march=armv8-a -fPIC -c -g -DANDROID -I/home/aluoch/.buildozer/android/platform/android-ndk-r25b/toolchains/llvm/prebuilt/linux-x86_64/sysroot/usr/include -I/home/aluoch/pc-labs/Klassify/.buildozer/android/platform/build-arm64-v8a_armeabi-v7a/build/python-installs/klassify/arm64-v8a/include/python3.1 conftest.c >&5
configure:3253: $? = 0
configure:3294: result: yes
configure:3311: checking for /home/aluoch/.buildozer/android/platform/android-ndk-r25b/toolchains/llvm/prebuilt/linux-x86_64/bin/clang -target aarch64-linux-android21 -fomit-frame-pointer -march=armv8-a -fPIC option to accept ISO C89
configure:3374: /home/aluoch/.buildozer/android/platform/android-ndk-r25b/toolchains/llvm/prebuilt/linux-x86_64/bin/clang -target aarch64-linux-android21 -fomit-frame-pointer -march=armv8-a -fPIC  -c -target aarch64-linux-android21 -fomit-frame-pointer -march=armv8-a -fPIC -I/home/aluoch/.buildozer/android/platform/android-ndk-r25b/toolchains/llvm/prebuilt/linux-x86_64/sysroot/usr/include -DANDROID -I/home/aluoch/.buildozer/android/platform/android-ndk-r25b/toolchains/llvm/prebuilt/linux-x86_64/sysroot/usr/include -I/home/aluoch/pc-labs/Klassify/.buildozer/android/platform/build-arm64-v8a_armeabi-v7a/build/python-installs/klassify/arm64-v8a/include/python3.1 conftest.c >&5
configure:3374: $? = 0
configure:3387: result: none needed
configure:3412: checking how to run the C preprocessor
configure:3443: /home/aluoch/.buildozer/android/platform/android-ndk-r25b/toolchains/llvm/prebuilt/linux-x86_64/bin/clang -target aarch64-linux-android21 -fomit-frame-pointer -march=armv8-a -fPIC -E -DANDROID -I/home/aluoch/.buildozer/android/platform/android-ndk-r25b/toolchains/llvm/prebuilt/linux-x86_64/sysroot/usr/include -I/home/aluoch/pc-labs/Klassify/.buildozer/android/platform/build-arm64-v8a_armeabi-v7a/build/python-installs/klassify/arm64-v8a/include/python3.1 conftest.c
configure:3443: $? = 0
configure:3457: /home/aluoch/.buildozer/android/platform/android-ndk-r25b/toolchains/llvm/prebuilt/linux-x86_64/bin/clang -target aarch64-linux-android21 -fomit-frame-pointer -march=armv8-a -fPIC -E -DANDROID -I/home/aluoch/.buildozer/android/platform/android-ndk-r25b/toolchains/llvm/prebuilt/linux-x86_64/sysroot/usr/include -I/home/aluoch/pc-labs/Klassify/.buildozer/android/platform/build-arm64-v8a_armeabi-v7a/build/python-installs/klassify/arm64-v8a/include/python3.1 conftest.c
conftest.c:9:10: fatal error: 'ac_nonexistent.h' file not found
#include <ac_nonexistent.h>
         ^~~~~~~~~~~~~~~~~~
1 error generated.
configure:3457: $? = 1
configure: failed program was:
| /* confdefs.h */
| #define PACKAGE_NAME "FreeType"
| #define PACKAGE_TARNAME "freetype"
| #define PACKAGE_VERSION "2.10.1"
| #define PACKAGE_STRING "FreeType 2.10.1"
| #define PACKAGE_BUGREPORT "freetype@nongnu.org"
| #define PACKAGE_URL ""
| /* end confdefs.h.  */
| #include <ac_nonexistent.h>
configure:3482: result: /home/aluoch/.buildozer/android/platform/android-ndk-r25b/toolchains/llvm/prebuilt/linux-x86_64/bin/clang -target aarch64-linux-android21 -fomit-frame-pointer -march=armv8-a -fPIC -E
configure:3502: /home/aluoch/.buildozer/android/platform/android-ndk-r25b/toolchains/llvm/prebuilt/linux-x86_64/bin/clang -target aarch64-linux-android21 -fomit-frame-pointer -march=armv8-a -fPIC -E -DANDROID -I/home/aluoch/.buildozer/android/platform/android-ndk-r25b/toolchains/llvm/prebuilt/linux-x86_64/sysroot/usr/include -I/home/aluoch/pc-labs/Klassify/.buildozer/android/platform/build-arm64-v8a_armeabi-v7a/build/python-installs/klassify/arm64-v8a/include/python3.1 conftest.c
configure:3502: $? = 0
configure:3516: /home/aluoch/.buildozer/android/platform/android-ndk-r25b/toolchains/llvm/prebuilt/linux-x86_64/bin/clang -target aarch64-linux-android21 -fomit-frame-pointer -march=armv8-a -fPIC -E -DANDROID -I/home/aluoch/.buildozer/android/platform/android-ndk-r25b/toolchains/llvm/prebuilt/linux-x86_64/sysroot/usr/include -I/home/aluoch/pc-labs/Klassify/.buildozer/android/platform/build-arm64-v8a_armeabi-v7a/build/python-installs/klassify/arm64-v8a/include/python3.1 conftest.c
conftest.c:9:10: fatal error: 'ac_nonexistent.h' file not found
#include <ac_nonexistent.h>
         ^~~~~~~~~~~~~~~~~~
1 error generated.
configure:3516: $? = 1
configure: failed program was:
| /* confdefs.h */
| #define PACKAGE_NAME "FreeType"
| #define PACKAGE_TARNAME "freetype"
| #define PACKAGE_VERSION "2.10.1"
| #define PACKAGE_STRING "FreeType 2.10.1"
| #define PACKAGE_BUGREPORT "freetype@nongnu.org"
| #define PACKAGE_URL ""
| /* end confdefs.h.  */
| #include <ac_nonexistent.h>
configure:3557: checking for aarch64-linux-android-pkg-config
configure:3590: result: no
configure:3600: checking for pkg-config
configure:3618: found /usr/bin/pkg-config
configure:3630: result: /usr/bin/pkg-config
configure:3642: WARNING: using cross tools not prefixed with host triplet
configure:3655: checking pkg-config is at least version 0.24
configure:3658: result: yes
configure:3713: checking how to print strings
configure:3740: result: printf
configure:3761: checking for a sed that does not truncate output
configure:3825: result: /usr/bin/sed
configure:3843: checking for grep that handles long lines and -e
configure:3901: result: /usr/bin/grep
configure:3906: checking for egrep
configure:3968: result: /usr/bin/grep -E
configure:3973: checking for fgrep
configure:4035: result: /usr/bin/grep -F
configure:4070: checking for ld used by /home/aluoch/.buildozer/android/platform/android-ndk-r25b/toolchains/llvm/prebuilt/linux-x86_64/bin/clang -target aarch64-linux-android21 -fomit-frame-pointer -march=armv8-a -fPIC
configure:4137: result: /home/aluoch/.buildozer/android/platform/android-ndk-r25b/toolchains/llvm/prebuilt/linux-x86_64/bin/ld
configure:4144: checking if the linker (/home/aluoch/.buildozer/android/platform/android-ndk-r25b/toolchains/llvm/prebuilt/linux-x86_64/bin/ld) is GNU ld
configure:4159: result: yes
configure:4171: checking for BSD- or MS-compatible name lister (nm)
configure:4225: result: no
configure:4239: checking for aarch64-linux-android-dumpbin
configure:4269: result: no
configure:4239: checking for aarch64-linux-android-link
configure:4269: result: no
configure:4283: checking for dumpbin
configure:4313: result: no
configure:4283: checking for link
configure:4299: found /usr/bin/link
configure:4310: result: link -dump
configure:4355: checking the name lister (nm) interface
configure:4362: /home/aluoch/.buildozer/android/platform/android-ndk-r25b/toolchains/llvm/prebuilt/linux-x86_64/bin/clang -target aarch64-linux-android21 -fomit-frame-pointer -march=armv8-a -fPIC -c -target aarch64-linux-android21 -fomit-frame-pointer -march=armv8-a -fPIC -I/home/aluoch/.buildozer/android/platform/android-ndk-r25b/toolchains/llvm/prebuilt/linux-x86_64/sysroot/usr/include -DANDROID -I/home/aluoch/.buildozer/android/platform/android-ndk-r25b/toolchains/llvm/prebuilt/linux-x86_64/sysroot/usr/include -I/home/aluoch/pc-labs/Klassify/.buildozer/android/platform/build-arm64-v8a_armeabi-v7a/build/python-installs/klassify/arm64-v8a/include/python3.1 conftest.c >&5
configure:4365: nm "conftest.o"
configure:4368: output
0000000000000000 b $d.0
0000000000000000 n $d.1
0000000000000000 B some_variable
configure:4375: result: BSD nm
configure:4378: checking whether ln -s works
configure:4382: result: yes
configure:4390: checking the maximum length of command line arguments
configure:4521: result: 1572864
configure:4569: checking how to convert x86_64-pc-linux-gnu file names to aarch64-unknown-linux-android format
configure:4609: result: func_convert_file_noop
configure:4616: checking how to convert x86_64-pc-linux-gnu file names to toolchain format
configure:4636: result: func_convert_file_noop
configure:4643: checking for /home/aluoch/.buildozer/android/platform/android-ndk-r25b/toolchains/llvm/prebuilt/linux-x86_64/bin/ld option to reload object files
configure:4650: result: -r
configure:4684: checking for aarch64-linux-android-objdump
configure:4714: result: no
configure:4724: checking for objdump
configure:4740: found /usr/bin/objdump
configure:4751: result: objdump
configure:4780: checking how to recognize dependent libraries
configure:4980: result: pass_all
configure:5025: checking for aarch64-linux-android-dlltool
configure:5055: result: no
configure:5065: checking for dlltool
configure:5095: result: no
configure:5122: checking how to associate runtime and link libraries
configure:5149: result: printf %s\n
configure:5166: checking for aarch64-linux-android-ar
configure:5193: result: /home/aluoch/.buildozer/android/platform/android-ndk-r25b/toolchains/llvm/prebuilt/linux-x86_64/bin/llvm-ar
configure:5274: checking for archiver @FILE support
configure:5291: /home/aluoch/.buildozer/android/platform/android-ndk-r25b/toolchains/llvm/prebuilt/linux-x86_64/bin/clang -target aarch64-linux-android21 -fomit-frame-pointer -march=armv8-a -fPIC -c -target aarch64-linux-android21 -fomit-frame-pointer -march=armv8-a -fPIC -I/home/aluoch/.buildozer/android/platform/android-ndk-r25b/toolchains/llvm/prebuilt/linux-x86_64/sysroot/usr/include -DANDROID -I/home/aluoch/.buildozer/android/platform/android-ndk-r25b/toolchains/llvm/prebuilt/linux-x86_64/sysroot/usr/include -I/home/aluoch/pc-labs/Klassify/.buildozer/android/platform/build-arm64-v8a_armeabi-v7a/build/python-installs/klassify/arm64-v8a/include/python3.1 conftest.c >&5
configure:5291: $? = 0
configure:5294: /home/aluoch/.buildozer/android/platform/android-ndk-r25b/toolchains/llvm/prebuilt/linux-x86_64/bin/llvm-ar cru libconftest.a @conftest.lst >&5
configure:5297: $? = 0
configure:5302: /home/aluoch/.buildozer/android/platform/android-ndk-r25b/toolchains/llvm/prebuilt/linux-x86_64/bin/llvm-ar cru libconftest.a @conftest.lst >&5
/home/aluoch/.buildozer/android/platform/android-ndk-r25b/toolchains/llvm/prebuilt/linux-x86_64/bin/llvm-ar: error: conftest.o: No such file or directory
configure:5305: $? = 1
configure:5317: result: @
configure:5335: checking for aarch64-linux-android-strip
configure:5362: result: /home/aluoch/.buildozer/android/platform/android-ndk-r25b/toolchains/llvm/prebuilt/linux-x86_64/bin/llvm-strip --strip-unneeded
configure:5434: checking for aarch64-linux-android-ranlib
configure:5461: result: /home/aluoch/.buildozer/android/platform/android-ndk-r25b/toolchains/llvm/prebuilt/linux-x86_64/bin/llvm-ranlib
configure:5578: checking for gawk
configure:5608: result: no
configure:5578: checking for mawk
configure:5594: found /usr/bin/mawk
configure:5605: result: mawk
configure:5645: checking command to parse nm output from /home/aluoch/.buildozer/android/platform/android-ndk-r25b/toolchains/llvm/prebuilt/linux-x86_64/bin/clang -target aarch64-linux-android21 -fomit-frame-pointer -march=armv8-a -fPIC object
configure:5798: /home/aluoch/.buildozer/android/platform/android-ndk-r25b/toolchains/llvm/prebuilt/linux-x86_64/bin/clang -target aarch64-linux-android21 -fomit-frame-pointer -march=armv8-a -fPIC -c -target aarch64-linux-android21 -fomit-frame-pointer -march=armv8-a -fPIC -I/home/aluoch/.buildozer/android/platform/android-ndk-r25b/toolchains/llvm/prebuilt/linux-x86_64/sysroot/usr/include -DANDROID -I/home/aluoch/.buildozer/android/platform/android-ndk-r25b/toolchains/llvm/prebuilt/linux-x86_64/sysroot/usr/include -I/home/aluoch/pc-labs/Klassify/.buildozer/android/platform/build-arm64-v8a_armeabi-v7a/build/python-installs/klassify/arm64-v8a/include/python3.1 conftest.c >&5
configure:5801: $? = 0
configure:5805: nm conftest.o \| sed -n -e 's/^.*[ ]\([ABCDGIRSTW][ABCDGIRSTW]*\)[ ][ ]*\([_A-Za-z][_A-Za-z0-9]*\)$/\1 \2 \2/p' | sed '/ __gnu_lto/d' \> conftest.nm
configure:5808: $? = 0
configure:5874: /home/aluoch/.buildozer/android/platform/android-ndk-r25b/toolchains/llvm/prebuilt/linux-x86_64/bin/clang -target aarch64-linux-android21 -fomit-frame-pointer -march=armv8-a -fPIC -o conftest -target aarch64-linux-android21 -fomit-frame-pointer -march=armv8-a -fPIC -I/home/aluoch/.buildozer/android/platform/android-ndk-r25b/toolchains/llvm/prebuilt/linux-x86_64/sysroot/usr/include -DANDROID -I/home/aluoch/.buildozer/android/platform/android-ndk-r25b/toolchains/llvm/prebuilt/linux-x86_64/sysroot/usr/include -I/home/aluoch/pc-labs/Klassify/.buildozer/android/platform/build-arm64-v8a_armeabi-v7a/build/python-installs/klassify/arm64-v8a/include/python3.1   -L/home/aluoch/pc-labs/Klassify/.buildozer/android/platform/build-arm64-v8a_armeabi-v7a/build/libs_collections/klassify/arm64-v8a -L/home/aluoch/.buildozer/android/platform/android-ndk-r25b/toolchains/llvm/prebuilt/linux-x86_64/sysroot/usr/lib/aarch64-linux-android/21 conftest.c conftstm.o >&5
configure:5877: $? = 0
configure:5915: result: ok
configure:5962: checking for sysroot
configure:5992: result: no
configure:5999: checking for a working dd
configure:6037: result: /usr/bin/dd
configure:6041: checking how to truncate binary pipes
configure:6056: result: /usr/bin/dd bs=4096 count=1
configure:6345: checking for aarch64-linux-android-mt
configure:6375: result: no
configure:6385: checking for mt
configure:6401: found /usr/bin/mt
configure:6412: result: mt
configure:6435: checking if mt is a manifest tool
configure:6441: mt '-?'
configure:6449: result: no
configure:7122: checking for ANSI C header files
configure:7142: /home/aluoch/.buildozer/android/platform/android-ndk-r25b/toolchains/llvm/prebuilt/linux-x86_64/bin/clang -target aarch64-linux-android21 -fomit-frame-pointer -march=armv8-a -fPIC -c -target aarch64-linux-android21 -fomit-frame-pointer -march=armv8-a -fPIC -I/home/aluoch/.buildozer/android/platform/android-ndk-r25b/toolchains/llvm/prebuilt/linux-x86_64/sysroot/usr/include -DANDROID -I/home/aluoch/.buildozer/android/platform/android-ndk-r25b/toolchains/llvm/prebuilt/linux-x86_64/sysroot/usr/include -I/home/aluoch/pc-labs/Klassify/.buildozer/android/platform/build-arm64-v8a_armeabi-v7a/build/python-installs/klassify/arm64-v8a/include/python3.1 conftest.c >&5
configure:7142: $? = 0
configure:7226: result: yes
configure:7239: checking for sys/types.h
configure:7239: /home/aluoch/.buildozer/android/platform/android-ndk-r25b/toolchains/llvm/prebuilt/linux-x86_64/bin/clang -target aarch64-linux-android21 -fomit-frame-pointer -march=armv8-a -fPIC -c -target aarch64-linux-android21 -fomit-frame-pointer -march=armv8-a -fPIC -I/home/aluoch/.buildozer/android/platform/android-ndk-r25b/toolchains/llvm/prebuilt/linux-x86_64/sysroot/usr/include -DANDROID -I/home/aluoch/.buildozer/android/platform/android-ndk-r25b/toolchains/llvm/prebuilt/linux-x86_64/sysroot/usr/include -I/home/aluoch/pc-labs/Klassify/.buildozer/android/platform/build-arm64-v8a_armeabi-v7a/build/python-installs/klassify/arm64-v8a/include/python3.1 conftest.c >&5
configure:7239: $? = 0
configure:7239: result: yes
configure:7239: checking for sys/stat.h
configure:7239: /home/aluoch/.buildozer/android/platform/android-ndk-r25b/toolchains/llvm/prebuilt/linux-x86_64/bin/clang -target aarch64-linux-android21 -fomit-frame-pointer -march=armv8-a -fPIC -c -target aarch64-linux-android21 -fomit-frame-pointer -march=armv8-a -fPIC -I/home/aluoch/.buildozer/android/platform/android-ndk-r25b/toolchains/llvm/prebuilt/linux-x86_64/sysroot/usr/include -DANDROID -I/home/aluoch/.buildozer/android/platform/android-ndk-r25b/toolchains/llvm/prebuilt/linux-x86_64/sysroot/usr/include -I/home/aluoch/pc-labs/Klassify/.buildozer/android/platform/build-arm64-v8a_armeabi-v7a/build/python-installs/klassify/arm64-v8a/include/python3.1 conftest.c >&5
configure:7239: $? = 0
configure:7239: result: yes
configure:7239: checking for stdlib.h
configure:7239: /home/aluoch/.buildozer/android/platform/android-ndk-r25b/toolchains/llvm/prebuilt/linux-x86_64/bin/clang -target aarch64-linux-android21 -fomit-frame-pointer -march=armv8-a -fPIC -c -target aarch64-linux-android21 -fomit-frame-pointer -march=armv8-a -fPIC -I/home/aluoch/.buildozer/android/platform/android-ndk-r25b/toolchains/llvm/prebuilt/linux-x86_64/sysroot/usr/include -DANDROID -I/home/aluoch/.buildozer/android/platform/android-ndk-r25b/toolchains/llvm/prebuilt/linux-x86_64/sysroot/usr/include -I/home/aluoch/pc-labs/Klassify/.buildozer/android/platform/build-arm64-v8a_armeabi-v7a/build/python-installs/klassify/arm64-v8a/include/python3.1 conftest.c >&5
configure:7239: $? = 0
configure:7239: result: yes
configure:7239: checking for string.h
configure:7239: /home/aluoch/.buildozer/android/platform/android-ndk-r25b/toolchains/llvm/prebuilt/linux-x86_64/bin/clang -target aarch64-linux-android21 -fomit-frame-pointer -march=armv8-a -fPIC -c -target aarch64-linux-android21 -fomit-frame-pointer -march=armv8-a -fPIC -I/home/aluoch/.buildozer/android/platform/android-ndk-r25b/toolchains/llvm/prebuilt/linux-x86_64/sysroot/usr/include -DANDROID -I/home/aluoch/.buildozer/android/platform/android-ndk-r25b/toolchains/llvm/prebuilt/linux-x86_64/sysroot/usr/include -I/home/aluoch/pc-labs/Klassify/.buildozer/android/platform/build-arm64-v8a_armeabi-v7a/build/python-installs/klassify/arm64-v8a/include/python3.1 conftest.c >&5
configure:7239: $? = 0
configure:7239: result: yes
configure:7239: checking for memory.h
configure:7239: /home/aluoch/.buildozer/android/platform/android-ndk-r25b/toolchains/llvm/prebuilt/linux-x86_64/bin/clang -target aarch64-linux-android21 -fomit-frame-pointer -march=armv8-a -fPIC -c -target aarch64-linux-android21 -fomit-frame-pointer -march=armv8-a -fPIC -I/home/aluoch/.buildozer/android/platform/android-ndk-r25b/toolchains/llvm/prebuilt/linux-x86_64/sysroot/usr/include -DANDROID -I/home/aluoch/.buildozer/android/platform/android-ndk-r25b/toolchains/llvm/prebuilt/linux-x86_64/sysroot/usr/include -I/home/aluoch/pc-labs/Klassify/.buildozer/android/platform/build-arm64-v8a_armeabi-v7a/build/python-installs/klassify/arm64-v8a/include/python3.1 conftest.c >&5
configure:7239: $? = 0
configure:7239: result: yes
configure:7239: checking for strings.h
configure:7239: /home/aluoch/.buildozer/android/platform/android-ndk-r25b/toolchains/llvm/prebuilt/linux-x86_64/bin/clang -target aarch64-linux-android21 -fomit-frame-pointer -march=armv8-a -fPIC -c -target aarch64-linux-android21 -fomit-frame-pointer -march=armv8-a -fPIC -I/home/aluoch/.buildozer/android/platform/android-ndk-r25b/toolchains/llvm/prebuilt/linux-x86_64/sysroot/usr/include -DANDROID -I/home/aluoch/.buildozer/android/platform/android-ndk-r25b/toolchains/llvm/prebuilt/linux-x86_64/sysroot/usr/include -I/home/aluoch/pc-labs/Klassify/.buildozer/android/platform/build-arm64-v8a_armeabi-v7a/build/python-installs/klassify/arm64-v8a/include/python3.1 conftest.c >&5
configure:7239: $? = 0
configure:7239: result: yes
configure:7239: checking for inttypes.h
configure:7239: /home/aluoch/.buildozer/android/platform/android-ndk-r25b/toolchains/llvm/prebuilt/linux-x86_64/bin/clang -target aarch64-linux-android21 -fomit-frame-pointer -march=armv8-a -fPIC -c -target aarch64-linux-android21 -fomit-frame-pointer -march=armv8-a -fPIC -I/home/aluoch/.buildozer/android/platform/android-ndk-r25b/toolchains/llvm/prebuilt/linux-x86_64/sysroot/usr/include -DANDROID -I/home/aluoch/.buildozer/android/platform/android-ndk-r25b/toolchains/llvm/prebuilt/linux-x86_64/sysroot/usr/include -I/home/aluoch/pc-labs/Klassify/.buildozer/android/platform/build-arm64-v8a_armeabi-v7a/build/python-installs/klassify/arm64-v8a/include/python3.1 conftest.c >&5
configure:7239: $? = 0
configure:7239: result: yes
configure:7239: checking for stdint.h
configure:7239: /home/aluoch/.buildozer/android/platform/android-ndk-r25b/toolchains/llvm/prebuilt/linux-x86_64/bin/clang -target aarch64-linux-android21 -fomit-frame-pointer -march=armv8-a -fPIC -c -target aarch64-linux-android21 -fomit-frame-pointer -march=armv8-a -fPIC -I/home/aluoch/.buildozer/android/platform/android-ndk-r25b/toolchains/llvm/prebuilt/linux-x86_64/sysroot/usr/include -DANDROID -I/home/aluoch/.buildozer/android/platform/android-ndk-r25b/toolchains/llvm/prebuilt/linux-x86_64/sysroot/usr/include -I/home/aluoch/pc-labs/Klassify/.buildozer/android/platform/build-arm64-v8a_armeabi-v7a/build/python-installs/klassify/arm64-v8a/include/python3.1 conftest.c >&5
configure:7239: $? = 0
configure:7239: result: yes
configure:7239: checking for unistd.h
configure:7239: /home/aluoch/.buildozer/android/platform/android-ndk-r25b/toolchains/llvm/prebuilt/linux-x86_64/bin/clang -target aarch64-linux-android21 -fomit-frame-pointer -march=armv8-a -fPIC -c -target aarch64-linux-android21 -fomit-frame-pointer -march=armv8-a -fPIC -I/home/aluoch/.buildozer/android/platform/android-ndk-r25b/toolchains/llvm/prebuilt/linux-x86_64/sysroot/usr/include -DANDROID -I/home/aluoch/.buildozer/android/platform/android-ndk-r25b/toolchains/llvm/prebuilt/linux-x86_64/sysroot/usr/include -I/home/aluoch/pc-labs/Klassify/.buildozer/android/platform/build-arm64-v8a_armeabi-v7a/build/python-installs/klassify/arm64-v8a/include/python3.1 conftest.c >&5
configure:7239: $? = 0
configure:7239: result: yes
configure:7253: checking for dlfcn.h
configure:7253: /home/aluoch/.buildozer/android/platform/android-ndk-r25b/toolchains/llvm/prebuilt/linux-x86_64/bin/clang -target aarch64-linux-android21 -fomit-frame-pointer -march=armv8-a -fPIC -c -target aarch64-linux-android21 -fomit-frame-pointer -march=armv8-a -fPIC -I/home/aluoch/.buildozer/android/platform/android-ndk-r25b/toolchains/llvm/prebuilt/linux-x86_64/sysroot/usr/include -DANDROID -I/home/aluoch/.buildozer/android/platform/android-ndk-r25b/toolchains/llvm/prebuilt/linux-x86_64/sysroot/usr/include -I/home/aluoch/pc-labs/Klassify/.buildozer/android/platform/build-arm64-v8a_armeabi-v7a/build/python-installs/klassify/arm64-v8a/include/python3.1 conftest.c >&5
configure:7253: $? = 0
configure:7253: result: yes
configure:7807: checking for objdir
configure:7822: result: .libs
configure:8082: checking if /home/aluoch/.buildozer/android/platform/android-ndk-r25b/toolchains/llvm/prebuilt/linux-x86_64/bin/clang -target aarch64-linux-android21 -fomit-frame-pointer -march=armv8-a -fPIC supports -fno-rtti -fno-exceptions
configure:8100: /home/aluoch/.buildozer/android/platform/android-ndk-r25b/toolchains/llvm/prebuilt/linux-x86_64/bin/clang -target aarch64-linux-android21 -fomit-frame-pointer -march=armv8-a -fPIC -c -target aarch64-linux-android21 -fomit-frame-pointer -march=armv8-a -fPIC -I/home/aluoch/.buildozer/android/platform/android-ndk-r25b/toolchains/llvm/prebuilt/linux-x86_64/sysroot/usr/include -DANDROID -I/home/aluoch/.buildozer/android/platform/android-ndk-r25b/toolchains/llvm/prebuilt/linux-x86_64/sysroot/usr/include -I/home/aluoch/pc-labs/Klassify/.buildozer/android/platform/build-arm64-v8a_armeabi-v7a/build/python-installs/klassify/arm64-v8a/include/python3.1 -fno-rtti -fno-exceptions conftest.c >&5
configure:8104: $? = 0
configure:8117: result: yes
configure:8475: checking for /home/aluoch/.buildozer/android/platform/android-ndk-r25b/toolchains/llvm/prebuilt/linux-x86_64/bin/clang -target aarch64-linux-android21 -fomit-frame-pointer -march=armv8-a -fPIC option to produce PIC
configure:8482: result: -fPIC -DPIC
configure:8490: checking if /home/aluoch/.buildozer/android/platform/android-ndk-r25b/toolchains/llvm/prebuilt/linux-x86_64/bin/clang -target aarch64-linux-android21 -fomit-frame-pointer -march=armv8-a -fPIC PIC flag -fPIC -DPIC works
configure:8508: /home/aluoch/.buildozer/android/platform/android-ndk-r25b/toolchains/llvm/prebuilt/linux-x86_64/bin/clang -target aarch64-linux-android21 -fomit-frame-pointer -march=armv8-a -fPIC -c -target aarch64-linux-android21 -fomit-frame-pointer -march=armv8-a -fPIC -I/home/aluoch/.buildozer/android/platform/android-ndk-r25b/toolchains/llvm/prebuilt/linux-x86_64/sysroot/usr/include -DANDROID -I/home/aluoch/.buildozer/android/platform/android-ndk-r25b/toolchains/llvm/prebuilt/linux-x86_64/sysroot/usr/include -I/home/aluoch/pc-labs/Klassify/.buildozer/android/platform/build-arm64-v8a_armeabi-v7a/build/python-installs/klassify/arm64-v8a/include/python3.1 -fPIC -DPIC -DPIC conftest.c >&5
configure:8512: $? = 0
configure:8525: result: yes
configure:8554: checking if /home/aluoch/.buildozer/android/platform/android-ndk-r25b/toolchains/llvm/prebuilt/linux-x86_64/bin/clang -target aarch64-linux-android21 -fomit-frame-pointer -march=armv8-a -fPIC static flag -static works
configure:8582: result: yes
configure:8597: checking if /home/aluoch/.buildozer/android/platform/android-ndk-r25b/toolchains/llvm/prebuilt/linux-x86_64/bin/clang -target aarch64-linux-android21 -fomit-frame-pointer -march=armv8-a -fPIC supports -c -o file.o
configure:8618: /home/aluoch/.buildozer/android/platform/android-ndk-r25b/toolchains/llvm/prebuilt/linux-x86_64/bin/clang -target aarch64-linux-android21 -fomit-frame-pointer -march=armv8-a -fPIC -c -target aarch64-linux-android21 -fomit-frame-pointer -march=armv8-a -fPIC -I/home/aluoch/.buildozer/android/platform/android-ndk-r25b/toolchains/llvm/prebuilt/linux-x86_64/sysroot/usr/include -DANDROID -I/home/aluoch/.buildozer/android/platform/android-ndk-r25b/toolchains/llvm/prebuilt/linux-x86_64/sysroot/usr/include -I/home/aluoch/pc-labs/Klassify/.buildozer/android/platform/build-arm64-v8a_armeabi-v7a/build/python-installs/klassify/arm64-v8a/include/python3.1 -o out/conftest2.o conftest.c >&5
configure:8622: $? = 0
configure:8644: result: yes
configure:8652: checking if /home/aluoch/.buildozer/android/platform/android-ndk-r25b/toolchains/llvm/prebuilt/linux-x86_64/bin/clang -target aarch64-linux-android21 -fomit-frame-pointer -march=armv8-a -fPIC supports -c -o file.o
configure:8699: result: yes
configure:8732: checking whether the /home/aluoch/.buildozer/android/platform/android-ndk-r25b/toolchains/llvm/prebuilt/linux-x86_64/bin/clang -target aarch64-linux-android21 -fomit-frame-pointer -march=armv8-a -fPIC linker (/home/aluoch/.buildozer/android/platform/android-ndk-r25b/toolchains/llvm/prebuilt/linux-x86_64/bin/ld) supports shared libraries
configure:9991: result: yes
configure:10028: checking whether -lc should be explicitly linked in
configure:10036: /home/aluoch/.buildozer/android/platform/android-ndk-r25b/toolchains/llvm/prebuilt/linux-x86_64/bin/clang -target aarch64-linux-android21 -fomit-frame-pointer -march=armv8-a -fPIC -c -target aarch64-linux-android21 -fomit-frame-pointer -march=armv8-a -fPIC -I/home/aluoch/.buildozer/android/platform/android-ndk-r25b/toolchains/llvm/prebuilt/linux-x86_64/sysroot/usr/include -DANDROID -I/home/aluoch/.buildozer/android/platform/android-ndk-r25b/toolchains/llvm/prebuilt/linux-x86_64/sysroot/usr/include -I/home/aluoch/pc-labs/Klassify/.buildozer/android/platform/build-arm64-v8a_armeabi-v7a/build/python-installs/klassify/arm64-v8a/include/python3.1 conftest.c >&5
configure:10039: $? = 0
configure:10054: /home/aluoch/.buildozer/android/platform/android-ndk-r25b/toolchains/llvm/prebuilt/linux-x86_64/bin/clang -target aarch64-linux-android21 -fomit-frame-pointer -march=armv8-a -fPIC -shared  -fPIC -DPIC conftest.o  -v -Wl,-soname -Wl,conftest -o conftest 2\>\&1 \| /usr/bin/grep  -lc  \>/dev/null 2\>\&1
configure:10057: $? = 0
configure:10071: result: no
configure:10231: checking dynamic linker characteristics
configure:11049: result: Android linker
configure:11171: checking how to hardcode library paths into programs
configure:11196: result: immediate
configure:11744: checking whether stripping libraries is possible
configure:11749: result: yes
configure:11784: checking if libtool supports shared libraries
configure:11786: result: yes
configure:11789: checking whether to build shared libraries
configure:11814: result: yes
configure:11817: checking whether to build static libraries
configure:11821: result: no
configure:11858: checking windows.h usability
configure:11858: /home/aluoch/.buildozer/android/platform/android-ndk-r25b/toolchains/llvm/prebuilt/linux-x86_64/bin/clang -target aarch64-linux-android21 -fomit-frame-pointer -march=armv8-a -fPIC -c -target aarch64-linux-android21 -fomit-frame-pointer -march=armv8-a -fPIC -I/home/aluoch/.buildozer/android/platform/android-ndk-r25b/toolchains/llvm/prebuilt/linux-x86_64/sysroot/usr/include -DANDROID -I/home/aluoch/.buildozer/android/platform/android-ndk-r25b/toolchains/llvm/prebuilt/linux-x86_64/sysroot/usr/include -I/home/aluoch/pc-labs/Klassify/.buildozer/android/platform/build-arm64-v8a_armeabi-v7a/build/python-installs/klassify/arm64-v8a/include/python3.1 conftest.c >&5
conftest.c:54:10: fatal error: 'windows.h' file not found
#include <windows.h>
         ^~~~~~~~~~~
1 error generated.
configure:11858: $? = 1
configure: failed program was:
| /* confdefs.h */
| #define PACKAGE_NAME "FreeType"
| #define PACKAGE_TARNAME "freetype"
| #define PACKAGE_VERSION "2.10.1"
| #define PACKAGE_STRING "FreeType 2.10.1"
| #define PACKAGE_BUGREPORT "freetype@nongnu.org"
| #define PACKAGE_URL ""
| #define STDC_HEADERS 1
| #define HAVE_SYS_TYPES_H 1
| #define HAVE_SYS_STAT_H 1
| #define HAVE_STDLIB_H 1
| #define HAVE_STRING_H 1
| #define HAVE_MEMORY_H 1
| #define HAVE_STRINGS_H 1
| #define HAVE_INTTYPES_H 1
| #define HAVE_STDINT_H 1
| #define HAVE_UNISTD_H 1
| #define HAVE_DLFCN_H 1
| #define LT_OBJDIR ".libs/"
| /* end confdefs.h.  */
| #include <stdio.h>
| #ifdef HAVE_SYS_TYPES_H
| # include <sys/types.h>
| #endif
| #ifdef HAVE_SYS_STAT_H
| # include <sys/stat.h>
| #endif
| #ifdef STDC_HEADERS
| # include <stdlib.h>
| # include <stddef.h>
| #else
| # ifdef HAVE_STDLIB_H
| #  include <stdlib.h>
| # endif
| #endif
| #ifdef HAVE_STRING_H
| # if !defined STDC_HEADERS && defined HAVE_MEMORY_H
| #  include <memory.h>
| # endif
| # include <string.h>
| #endif
| #ifdef HAVE_STRINGS_H
| # include <strings.h>
| #endif
| #ifdef HAVE_INTTYPES_H
| # include <inttypes.h>
| #endif
| #ifdef HAVE_STDINT_H
| # include <stdint.h>
| #endif
| #ifdef HAVE_UNISTD_H
| # include <unistd.h>
| #endif
| #include <windows.h>
configure:11858: result: no
configure:11858: checking windows.h presence
configure:11858: /home/aluoch/.buildozer/android/platform/android-ndk-r25b/toolchains/llvm/prebuilt/linux-x86_64/bin/clang -target aarch64-linux-android21 -fomit-frame-pointer -march=armv8-a -fPIC -E -DANDROID -I/home/aluoch/.buildozer/android/platform/android-ndk-r25b/toolchains/llvm/prebuilt/linux-x86_64/sysroot/usr/include -I/home/aluoch/pc-labs/Klassify/.buildozer/android/platform/build-arm64-v8a_armeabi-v7a/build/python-installs/klassify/arm64-v8a/include/python3.1 conftest.c
conftest.c:21:10: fatal error: 'windows.h' file not found
#include <windows.h>
         ^~~~~~~~~~~
1 error generated.
configure:11858: $? = 1
configure: failed program was:
| /* confdefs.h */
| #define PACKAGE_NAME "FreeType"
| #define PACKAGE_TARNAME "freetype"
| #define PACKAGE_VERSION "2.10.1"
| #define PACKAGE_STRING "FreeType 2.10.1"
| #define PACKAGE_BUGREPORT "freetype@nongnu.org"
| #define PACKAGE_URL ""
| #define STDC_HEADERS 1
| #define HAVE_SYS_TYPES_H 1
| #define HAVE_SYS_STAT_H 1
| #define HAVE_STDLIB_H 1
| #define HAVE_STRING_H 1
| #define HAVE_MEMORY_H 1
| #define HAVE_STRINGS_H 1
| #define HAVE_INTTYPES_H 1
| #define HAVE_STDINT_H 1
| #define HAVE_UNISTD_H 1
| #define HAVE_DLFCN_H 1
| #define LT_OBJDIR ".libs/"
| /* end confdefs.h.  */
| #include <windows.h>
configure:11858: result: no
configure:11858: checking for windows.h
configure:11858: result: no
configure:12039: checking for x86_64-pc-linux-gnu-gcc
configure:12069: result: no
configure:12076: checking for gcc
configure:12092: found /usr/bin/gcc
configure:12103: result: gcc
configure:12113: checking for gcc
configure:12157: result: gcc
configure:12167: checking for suffix of native executables
configure:12181: result: 
configure:12211: checking for a BSD-compatible install
configure:12279: result: /usr/bin/install -c
configure:12298: checking for a thread-safe mkdir -p
configure:12337: result: /usr/bin/mkdir -p
configure:12351: checking for ANSI C header files
configure:12455: result: yes
configure:12466: checking fcntl.h usability
configure:12466: /home/aluoch/.buildozer/android/platform/android-ndk-r25b/toolchains/llvm/prebuilt/linux-x86_64/bin/clang -target aarch64-linux-android21 -fomit-frame-pointer -march=armv8-a -fPIC -c -target aarch64-linux-android21 -fomit-frame-pointer -march=armv8-a -fPIC -I/home/aluoch/.buildozer/android/platform/android-ndk-r25b/toolchains/llvm/prebuilt/linux-x86_64/sysroot/usr/include -DANDROID -I/home/aluoch/.buildozer/android/platform/android-ndk-r25b/toolchains/llvm/prebuilt/linux-x86_64/sysroot/usr/include -I/home/aluoch/pc-labs/Klassify/.buildozer/android/platform/build-arm64-v8a_armeabi-v7a/build/python-installs/klassify/arm64-v8a/include/python3.1 conftest.c >&5
configure:12466: $? = 0
configure:12466: result: yes
configure:12466: checking fcntl.h presence
configure:12466: /home/aluoch/.buildozer/android/platform/android-ndk-r25b/toolchains/llvm/prebuilt/linux-x86_64/bin/clang -target aarch64-linux-android21 -fomit-frame-pointer -march=armv8-a -fPIC -E -DANDROID -I/home/aluoch/.buildozer/android/platform/android-ndk-r25b/toolchains/llvm/prebuilt/linux-x86_64/sysroot/usr/include -I/home/aluoch/pc-labs/Klassify/.buildozer/android/platform/build-arm64-v8a_armeabi-v7a/build/python-installs/klassify/arm64-v8a/include/python3.1 conftest.c
configure:12466: $? = 0
configure:12466: result: yes
configure:12466: checking for fcntl.h
configure:12466: result: yes
configure:12466: checking for unistd.h
configure:12466: result: yes
configure:12480: checking for an ANSI C-conforming const
configure:12546: /home/aluoch/.buildozer/android/platform/android-ndk-r25b/toolchains/llvm/prebuilt/linux-x86_64/bin/clang -target aarch64-linux-android21 -fomit-frame-pointer -march=armv8-a -fPIC -c -target aarch64-linux-android21 -fomit-frame-pointer -march=armv8-a -fPIC -I/home/aluoch/.buildozer/android/platform/android-ndk-r25b/toolchains/llvm/prebuilt/linux-x86_64/sysroot/usr/include -DANDROID -I/home/aluoch/.buildozer/android/platform/android-ndk-r25b/toolchains/llvm/prebuilt/linux-x86_64/sysroot/usr/include -I/home/aluoch/pc-labs/Klassify/.buildozer/android/platform/build-arm64-v8a_armeabi-v7a/build/python-installs/klassify/arm64-v8a/include/python3.1 conftest.c >&5
configure:12546: $? = 0
configure:12553: result: yes
configure:12565: checking size of int
configure:12570: /home/aluoch/.buildozer/android/platform/android-ndk-r25b/toolchains/llvm/prebuilt/linux-x86_64/bin/clang -target aarch64-linux-android21 -fomit-frame-pointer -march=armv8-a -fPIC -c -target aarch64-linux-android21 -fomit-frame-pointer -march=armv8-a -fPIC -I/home/aluoch/.buildozer/android/platform/android-ndk-r25b/toolchains/llvm/prebuilt/linux-x86_64/sysroot/usr/include -DANDROID -I/home/aluoch/.buildozer/android/platform/android-ndk-r25b/toolchains/llvm/prebuilt/linux-x86_64/sysroot/usr/include -I/home/aluoch/pc-labs/Klassify/.buildozer/android/platform/build-arm64-v8a_armeabi-v7a/build/python-installs/klassify/arm64-v8a/include/python3.1 conftest.c >&5
configure:12570: $? = 0
configure:12570: /home/aluoch/.buildozer/android/platform/android-ndk-r25b/toolchains/llvm/prebuilt/linux-x86_64/bin/clang -target aarch64-linux-android21 -fomit-frame-pointer -march=armv8-a -fPIC -c -target aarch64-linux-android21 -fomit-frame-pointer -march=armv8-a -fPIC -I/home/aluoch/.buildozer/android/platform/android-ndk-r25b/toolchains/llvm/prebuilt/linux-x86_64/sysroot/usr/include -DANDROID -I/home/aluoch/.buildozer/android/platform/android-ndk-r25b/toolchains/llvm/prebuilt/linux-x86_64/sysroot/usr/include -I/home/aluoch/pc-labs/Klassify/.buildozer/android/platform/build-arm64-v8a_armeabi-v7a/build/python-installs/klassify/arm64-v8a/include/python3.1 conftest.c >&5
conftest.c:60:24: error: 'test_array' declared as an array with a negative size
static int test_array [1 - 2 * !(((long int) (sizeof (int))) <= 0)];
                       ^~~~~~~~~~~~~~~~~~~~~~~~~~~~~~~~~~~~~~~~~~~
1 error generated.
configure:12570: $? = 1
configure: failed program was:
| /* confdefs.h */
| #define PACKAGE_NAME "FreeType"
| #define PACKAGE_TARNAME "freetype"
| #define PACKAGE_VERSION "2.10.1"
| #define PACKAGE_STRING "FreeType 2.10.1"
| #define PACKAGE_BUGREPORT "freetype@nongnu.org"
| #define PACKAGE_URL ""
| #define STDC_HEADERS 1
| #define HAVE_SYS_TYPES_H 1
| #define HAVE_SYS_STAT_H 1
| #define HAVE_STDLIB_H 1
| #define HAVE_STRING_H 1
| #define HAVE_MEMORY_H 1
| #define HAVE_STRINGS_H 1
| #define HAVE_INTTYPES_H 1
| #define HAVE_STDINT_H 1
| #define HAVE_UNISTD_H 1
| #define HAVE_DLFCN_H 1
| #define LT_OBJDIR ".libs/"
| #define STDC_HEADERS 1
| #define HAVE_FCNTL_H 1
| #define HAVE_UNISTD_H 1
| /* end confdefs.h.  */
| #include <stdio.h>
| #ifdef HAVE_SYS_TYPES_H
| # include <sys/types.h>
| #endif
| #ifdef HAVE_SYS_STAT_H
| # include <sys/stat.h>
| #endif
| #ifdef STDC_HEADERS
| # include <stdlib.h>
| # include <stddef.h>
| #else
| # ifdef HAVE_STDLIB_H
| #  include <stdlib.h>
| # endif
| #endif
| #ifdef HAVE_STRING_H
| # if !defined STDC_HEADERS && defined HAVE_MEMORY_H
| #  include <memory.h>
| # endif
| # include <string.h>
| #endif
| #ifdef HAVE_STRINGS_H
| # include <strings.h>
| #endif
| #ifdef HAVE_INTTYPES_H
| # include <inttypes.h>
| #endif
| #ifdef HAVE_STDINT_H
| # include <stdint.h>
| #endif
| #ifdef HAVE_UNISTD_H
| # include <unistd.h>
| #endif
| int
| main ()
| {
| static int test_array [1 - 2 * !(((long int) (sizeof (int))) <= 0)];
| test_array [0] = 0;
| return test_array [0];
| 
|   ;
|   return 0;
| }
configure:12570: /home/aluoch/.buildozer/android/platform/android-ndk-r25b/toolchains/llvm/prebuilt/linux-x86_64/bin/clang -target aarch64-linux-android21 -fomit-frame-pointer -march=armv8-a -fPIC -c -target aarch64-linux-android21 -fomit-frame-pointer -march=armv8-a -fPIC -I/home/aluoch/.buildozer/android/platform/android-ndk-r25b/toolchains/llvm/prebuilt/linux-x86_64/sysroot/usr/include -DANDROID -I/home/aluoch/.buildozer/android/platform/android-ndk-r25b/toolchains/llvm/prebuilt/linux-x86_64/sysroot/usr/include -I/home/aluoch/pc-labs/Klassify/.buildozer/android/platform/build-arm64-v8a_armeabi-v7a/build/python-installs/klassify/arm64-v8a/include/python3.1 conftest.c >&5
conftest.c:60:24: error: 'test_array' declared as an array with a negative size
static int test_array [1 - 2 * !(((long int) (sizeof (int))) <= 1)];
                       ^~~~~~~~~~~~~~~~~~~~~~~~~~~~~~~~~~~~~~~~~~~
1 error generated.
configure:12570: $? = 1
configure: failed program was:
| /* confdefs.h */
| #define PACKAGE_NAME "FreeType"
| #define PACKAGE_TARNAME "freetype"
| #define PACKAGE_VERSION "2.10.1"
| #define PACKAGE_STRING "FreeType 2.10.1"
| #define PACKAGE_BUGREPORT "freetype@nongnu.org"
| #define PACKAGE_URL ""
| #define STDC_HEADERS 1
| #define HAVE_SYS_TYPES_H 1
| #define HAVE_SYS_STAT_H 1
| #define HAVE_STDLIB_H 1
| #define HAVE_STRING_H 1
| #define HAVE_MEMORY_H 1
| #define HAVE_STRINGS_H 1
| #define HAVE_INTTYPES_H 1
| #define HAVE_STDINT_H 1
| #define HAVE_UNISTD_H 1
| #define HAVE_DLFCN_H 1
| #define LT_OBJDIR ".libs/"
| #define STDC_HEADERS 1
| #define HAVE_FCNTL_H 1
| #define HAVE_UNISTD_H 1
| /* end confdefs.h.  */
| #include <stdio.h>
| #ifdef HAVE_SYS_TYPES_H
| # include <sys/types.h>
| #endif
| #ifdef HAVE_SYS_STAT_H
| # include <sys/stat.h>
| #endif
| #ifdef STDC_HEADERS
| # include <stdlib.h>
| # include <stddef.h>
| #else
| # ifdef HAVE_STDLIB_H
| #  include <stdlib.h>
| # endif
| #endif
| #ifdef HAVE_STRING_H
| # if !defined STDC_HEADERS && defined HAVE_MEMORY_H
| #  include <memory.h>
| # endif
| # include <string.h>
| #endif
| #ifdef HAVE_STRINGS_H
| # include <strings.h>
| #endif
| #ifdef HAVE_INTTYPES_H
| # include <inttypes.h>
| #endif
| #ifdef HAVE_STDINT_H
| # include <stdint.h>
| #endif
| #ifdef HAVE_UNISTD_H
| # include <unistd.h>
| #endif
| int
| main ()
| {
| static int test_array [1 - 2 * !(((long int) (sizeof (int))) <= 1)];
| test_array [0] = 0;
| return test_array [0];
| 
|   ;
|   return 0;
| }
configure:12570: /home/aluoch/.buildozer/android/platform/android-ndk-r25b/toolchains/llvm/prebuilt/linux-x86_64/bin/clang -target aarch64-linux-android21 -fomit-frame-pointer -march=armv8-a -fPIC -c -target aarch64-linux-android21 -fomit-frame-pointer -march=armv8-a -fPIC -I/home/aluoch/.buildozer/android/platform/android-ndk-r25b/toolchains/llvm/prebuilt/linux-x86_64/sysroot/usr/include -DANDROID -I/home/aluoch/.buildozer/android/platform/android-ndk-r25b/toolchains/llvm/prebuilt/linux-x86_64/sysroot/usr/include -I/home/aluoch/pc-labs/Klassify/.buildozer/android/platform/build-arm64-v8a_armeabi-v7a/build/python-installs/klassify/arm64-v8a/include/python3.1 conftest.c >&5
conftest.c:60:24: error: 'test_array' declared as an array with a negative size
static int test_array [1 - 2 * !(((long int) (sizeof (int))) <= 3)];
                       ^~~~~~~~~~~~~~~~~~~~~~~~~~~~~~~~~~~~~~~~~~~
1 error generated.
configure:12570: $? = 1
configure: failed program was:
| /* confdefs.h */
| #define PACKAGE_NAME "FreeType"
| #define PACKAGE_TARNAME "freetype"
| #define PACKAGE_VERSION "2.10.1"
| #define PACKAGE_STRING "FreeType 2.10.1"
| #define PACKAGE_BUGREPORT "freetype@nongnu.org"
| #define PACKAGE_URL ""
| #define STDC_HEADERS 1
| #define HAVE_SYS_TYPES_H 1
| #define HAVE_SYS_STAT_H 1
| #define HAVE_STDLIB_H 1
| #define HAVE_STRING_H 1
| #define HAVE_MEMORY_H 1
| #define HAVE_STRINGS_H 1
| #define HAVE_INTTYPES_H 1
| #define HAVE_STDINT_H 1
| #define HAVE_UNISTD_H 1
| #define HAVE_DLFCN_H 1
| #define LT_OBJDIR ".libs/"
| #define STDC_HEADERS 1
| #define HAVE_FCNTL_H 1
| #define HAVE_UNISTD_H 1
| /* end confdefs.h.  */
| #include <stdio.h>
| #ifdef HAVE_SYS_TYPES_H
| # include <sys/types.h>
| #endif
| #ifdef HAVE_SYS_STAT_H
| # include <sys/stat.h>
| #endif
| #ifdef STDC_HEADERS
| # include <stdlib.h>
| # include <stddef.h>
| #else
| # ifdef HAVE_STDLIB_H
| #  include <stdlib.h>
| # endif
| #endif
| #ifdef HAVE_STRING_H
| # if !defined STDC_HEADERS && defined HAVE_MEMORY_H
| #  include <memory.h>
| # endif
| # include <string.h>
| #endif
| #ifdef HAVE_STRINGS_H
| # include <strings.h>
| #endif
| #ifdef HAVE_INTTYPES_H
| # include <inttypes.h>
| #endif
| #ifdef HAVE_STDINT_H
| # include <stdint.h>
| #endif
| #ifdef HAVE_UNISTD_H
| # include <unistd.h>
| #endif
| int
| main ()
| {
| static int test_array [1 - 2 * !(((long int) (sizeof (int))) <= 3)];
| test_array [0] = 0;
| return test_array [0];
| 
|   ;
|   return 0;
| }
configure:12570: /home/aluoch/.buildozer/android/platform/android-ndk-r25b/toolchains/llvm/prebuilt/linux-x86_64/bin/clang -target aarch64-linux-android21 -fomit-frame-pointer -march=armv8-a -fPIC -c -target aarch64-linux-android21 -fomit-frame-pointer -march=armv8-a -fPIC -I/home/aluoch/.buildozer/android/platform/android-ndk-r25b/toolchains/llvm/prebuilt/linux-x86_64/sysroot/usr/include -DANDROID -I/home/aluoch/.buildozer/android/platform/android-ndk-r25b/toolchains/llvm/prebuilt/linux-x86_64/sysroot/usr/include -I/home/aluoch/pc-labs/Klassify/.buildozer/android/platform/build-arm64-v8a_armeabi-v7a/build/python-installs/klassify/arm64-v8a/include/python3.1 conftest.c >&5
configure:12570: $? = 0
configure:12570: /home/aluoch/.buildozer/android/platform/android-ndk-r25b/toolchains/llvm/prebuilt/linux-x86_64/bin/clang -target aarch64-linux-android21 -fomit-frame-pointer -march=armv8-a -fPIC -c -target aarch64-linux-android21 -fomit-frame-pointer -march=armv8-a -fPIC -I/home/aluoch/.buildozer/android/platform/android-ndk-r25b/toolchains/llvm/prebuilt/linux-x86_64/sysroot/usr/include -DANDROID -I/home/aluoch/.buildozer/android/platform/android-ndk-r25b/toolchains/llvm/prebuilt/linux-x86_64/sysroot/usr/include -I/home/aluoch/pc-labs/Klassify/.buildozer/android/platform/build-arm64-v8a_armeabi-v7a/build/python-installs/klassify/arm64-v8a/include/python3.1 conftest.c >&5
configure:12570: $? = 0
configure:12570: /home/aluoch/.buildozer/android/platform/android-ndk-r25b/toolchains/llvm/prebuilt/linux-x86_64/bin/clang -target aarch64-linux-android21 -fomit-frame-pointer -march=armv8-a -fPIC -c -target aarch64-linux-android21 -fomit-frame-pointer -march=armv8-a -fPIC -I/home/aluoch/.buildozer/android/platform/android-ndk-r25b/toolchains/llvm/prebuilt/linux-x86_64/sysroot/usr/include -DANDROID -I/home/aluoch/.buildozer/android/platform/android-ndk-r25b/toolchains/llvm/prebuilt/linux-x86_64/sysroot/usr/include -I/home/aluoch/pc-labs/Klassify/.buildozer/android/platform/build-arm64-v8a_armeabi-v7a/build/python-installs/klassify/arm64-v8a/include/python3.1 conftest.c >&5
configure:12570: $? = 0
configure:12584: result: 4
configure:12598: checking size of long
configure:12603: /home/aluoch/.buildozer/android/platform/android-ndk-r25b/toolchains/llvm/prebuilt/linux-x86_64/bin/clang -target aarch64-linux-android21 -fomit-frame-pointer -march=armv8-a -fPIC -c -target aarch64-linux-android21 -fomit-frame-pointer -march=armv8-a -fPIC -I/home/aluoch/.buildozer/android/platform/android-ndk-r25b/toolchains/llvm/prebuilt/linux-x86_64/sysroot/usr/include -DANDROID -I/home/aluoch/.buildozer/android/platform/android-ndk-r25b/toolchains/llvm/prebuilt/linux-x86_64/sysroot/usr/include -I/home/aluoch/pc-labs/Klassify/.buildozer/android/platform/build-arm64-v8a_armeabi-v7a/build/python-installs/klassify/arm64-v8a/include/python3.1 conftest.c >&5
configure:12603: $? = 0
configure:12603: /home/aluoch/.buildozer/android/platform/android-ndk-r25b/toolchains/llvm/prebuilt/linux-x86_64/bin/clang -target aarch64-linux-android21 -fomit-frame-pointer -march=armv8-a -fPIC -c -target aarch64-linux-android21 -fomit-frame-pointer -march=armv8-a -fPIC -I/home/aluoch/.buildozer/android/platform/android-ndk-r25b/toolchains/llvm/prebuilt/linux-x86_64/sysroot/usr/include -DANDROID -I/home/aluoch/.buildozer/android/platform/android-ndk-r25b/toolchains/llvm/prebuilt/linux-x86_64/sysroot/usr/include -I/home/aluoch/pc-labs/Klassify/.buildozer/android/platform/build-arm64-v8a_armeabi-v7a/build/python-installs/klassify/arm64-v8a/include/python3.1 conftest.c >&5
conftest.c:61:24: error: 'test_array' declared as an array with a negative size
static int test_array [1 - 2 * !(((long int) (sizeof (long))) <= 0)];
                       ^~~~~~~~~~~~~~~~~~~~~~~~~~~~~~~~~~~~~~~~~~~~
1 error generated.
configure:12603: $? = 1
configure: failed program was:
| /* confdefs.h */
| #define PACKAGE_NAME "FreeType"
| #define PACKAGE_TARNAME "freetype"
| #define PACKAGE_VERSION "2.10.1"
| #define PACKAGE_STRING "FreeType 2.10.1"
| #define PACKAGE_BUGREPORT "freetype@nongnu.org"
| #define PACKAGE_URL ""
| #define STDC_HEADERS 1
| #define HAVE_SYS_TYPES_H 1
| #define HAVE_SYS_STAT_H 1
| #define HAVE_STDLIB_H 1
| #define HAVE_STRING_H 1
| #define HAVE_MEMORY_H 1
| #define HAVE_STRINGS_H 1
| #define HAVE_INTTYPES_H 1
| #define HAVE_STDINT_H 1
| #define HAVE_UNISTD_H 1
| #define HAVE_DLFCN_H 1
| #define LT_OBJDIR ".libs/"
| #define STDC_HEADERS 1
| #define HAVE_FCNTL_H 1
| #define HAVE_UNISTD_H 1
| #define SIZEOF_INT 4
| /* end confdefs.h.  */
| #include <stdio.h>
| #ifdef HAVE_SYS_TYPES_H
| # include <sys/types.h>
| #endif
| #ifdef HAVE_SYS_STAT_H
| # include <sys/stat.h>
| #endif
| #ifdef STDC_HEADERS
| # include <stdlib.h>
| # include <stddef.h>
| #else
| # ifdef HAVE_STDLIB_H
| #  include <stdlib.h>
| # endif
| #endif
| #ifdef HAVE_STRING_H
| # if !defined STDC_HEADERS && defined HAVE_MEMORY_H
| #  include <memory.h>
| # endif
| # include <string.h>
| #endif
| #ifdef HAVE_STRINGS_H
| # include <strings.h>
| #endif
| #ifdef HAVE_INTTYPES_H
| # include <inttypes.h>
| #endif
| #ifdef HAVE_STDINT_H
| # include <stdint.h>
| #endif
| #ifdef HAVE_UNISTD_H
| # include <unistd.h>
| #endif
| int
| main ()
| {
| static int test_array [1 - 2 * !(((long int) (sizeof (long))) <= 0)];
| test_array [0] = 0;
| return test_array [0];
| 
|   ;
|   return 0;
| }
configure:12603: /home/aluoch/.buildozer/android/platform/android-ndk-r25b/toolchains/llvm/prebuilt/linux-x86_64/bin/clang -target aarch64-linux-android21 -fomit-frame-pointer -march=armv8-a -fPIC -c -target aarch64-linux-android21 -fomit-frame-pointer -march=armv8-a -fPIC -I/home/aluoch/.buildozer/android/platform/android-ndk-r25b/toolchains/llvm/prebuilt/linux-x86_64/sysroot/usr/include -DANDROID -I/home/aluoch/.buildozer/android/platform/android-ndk-r25b/toolchains/llvm/prebuilt/linux-x86_64/sysroot/usr/include -I/home/aluoch/pc-labs/Klassify/.buildozer/android/platform/build-arm64-v8a_armeabi-v7a/build/python-installs/klassify/arm64-v8a/include/python3.1 conftest.c >&5
conftest.c:61:24: error: 'test_array' declared as an array with a negative size
static int test_array [1 - 2 * !(((long int) (sizeof (long))) <= 1)];
                       ^~~~~~~~~~~~~~~~~~~~~~~~~~~~~~~~~~~~~~~~~~~~
1 error generated.
configure:12603: $? = 1
configure: failed program was:
| /* confdefs.h */
| #define PACKAGE_NAME "FreeType"
| #define PACKAGE_TARNAME "freetype"
| #define PACKAGE_VERSION "2.10.1"
| #define PACKAGE_STRING "FreeType 2.10.1"
| #define PACKAGE_BUGREPORT "freetype@nongnu.org"
| #define PACKAGE_URL ""
| #define STDC_HEADERS 1
| #define HAVE_SYS_TYPES_H 1
| #define HAVE_SYS_STAT_H 1
| #define HAVE_STDLIB_H 1
| #define HAVE_STRING_H 1
| #define HAVE_MEMORY_H 1
| #define HAVE_STRINGS_H 1
| #define HAVE_INTTYPES_H 1
| #define HAVE_STDINT_H 1
| #define HAVE_UNISTD_H 1
| #define HAVE_DLFCN_H 1
| #define LT_OBJDIR ".libs/"
| #define STDC_HEADERS 1
| #define HAVE_FCNTL_H 1
| #define HAVE_UNISTD_H 1
| #define SIZEOF_INT 4
| /* end confdefs.h.  */
| #include <stdio.h>
| #ifdef HAVE_SYS_TYPES_H
| # include <sys/types.h>
| #endif
| #ifdef HAVE_SYS_STAT_H
| # include <sys/stat.h>
| #endif
| #ifdef STDC_HEADERS
| # include <stdlib.h>
| # include <stddef.h>
| #else
| # ifdef HAVE_STDLIB_H
| #  include <stdlib.h>
| # endif
| #endif
| #ifdef HAVE_STRING_H
| # if !defined STDC_HEADERS && defined HAVE_MEMORY_H
| #  include <memory.h>
| # endif
| # include <string.h>
| #endif
| #ifdef HAVE_STRINGS_H
| # include <strings.h>
| #endif
| #ifdef HAVE_INTTYPES_H
| # include <inttypes.h>
| #endif
| #ifdef HAVE_STDINT_H
| # include <stdint.h>
| #endif
| #ifdef HAVE_UNISTD_H
| # include <unistd.h>
| #endif
| int
| main ()
| {
| static int test_array [1 - 2 * !(((long int) (sizeof (long))) <= 1)];
| test_array [0] = 0;
| return test_array [0];
| 
|   ;
|   return 0;
| }
configure:12603: /home/aluoch/.buildozer/android/platform/android-ndk-r25b/toolchains/llvm/prebuilt/linux-x86_64/bin/clang -target aarch64-linux-android21 -fomit-frame-pointer -march=armv8-a -fPIC -c -target aarch64-linux-android21 -fomit-frame-pointer -march=armv8-a -fPIC -I/home/aluoch/.buildozer/android/platform/android-ndk-r25b/toolchains/llvm/prebuilt/linux-x86_64/sysroot/usr/include -DANDROID -I/home/aluoch/.buildozer/android/platform/android-ndk-r25b/toolchains/llvm/prebuilt/linux-x86_64/sysroot/usr/include -I/home/aluoch/pc-labs/Klassify/.buildozer/android/platform/build-arm64-v8a_armeabi-v7a/build/python-installs/klassify/arm64-v8a/include/python3.1 conftest.c >&5
conftest.c:61:24: error: 'test_array' declared as an array with a negative size
static int test_array [1 - 2 * !(((long int) (sizeof (long))) <= 3)];
                       ^~~~~~~~~~~~~~~~~~~~~~~~~~~~~~~~~~~~~~~~~~~~
1 error generated.
configure:12603: $? = 1
configure: failed program was:
| /* confdefs.h */
| #define PACKAGE_NAME "FreeType"
| #define PACKAGE_TARNAME "freetype"
| #define PACKAGE_VERSION "2.10.1"
| #define PACKAGE_STRING "FreeType 2.10.1"
| #define PACKAGE_BUGREPORT "freetype@nongnu.org"
| #define PACKAGE_URL ""
| #define STDC_HEADERS 1
| #define HAVE_SYS_TYPES_H 1
| #define HAVE_SYS_STAT_H 1
| #define HAVE_STDLIB_H 1
| #define HAVE_STRING_H 1
| #define HAVE_MEMORY_H 1
| #define HAVE_STRINGS_H 1
| #define HAVE_INTTYPES_H 1
| #define HAVE_STDINT_H 1
| #define HAVE_UNISTD_H 1
| #define HAVE_DLFCN_H 1
| #define LT_OBJDIR ".libs/"
| #define STDC_HEADERS 1
| #define HAVE_FCNTL_H 1
| #define HAVE_UNISTD_H 1
| #define SIZEOF_INT 4
| /* end confdefs.h.  */
| #include <stdio.h>
| #ifdef HAVE_SYS_TYPES_H
| # include <sys/types.h>
| #endif
| #ifdef HAVE_SYS_STAT_H
| # include <sys/stat.h>
| #endif
| #ifdef STDC_HEADERS
| # include <stdlib.h>
| # include <stddef.h>
| #else
| # ifdef HAVE_STDLIB_H
| #  include <stdlib.h>
| # endif
| #endif
| #ifdef HAVE_STRING_H
| # if !defined STDC_HEADERS && defined HAVE_MEMORY_H
| #  include <memory.h>
| # endif
| # include <string.h>
| #endif
| #ifdef HAVE_STRINGS_H
| # include <strings.h>
| #endif
| #ifdef HAVE_INTTYPES_H
| # include <inttypes.h>
| #endif
| #ifdef HAVE_STDINT_H
| # include <stdint.h>
| #endif
| #ifdef HAVE_UNISTD_H
| # include <unistd.h>
| #endif
| int
| main ()
| {
| static int test_array [1 - 2 * !(((long int) (sizeof (long))) <= 3)];
| test_array [0] = 0;
| return test_array [0];
| 
|   ;
|   return 0;
| }
configure:12603: /home/aluoch/.buildozer/android/platform/android-ndk-r25b/toolchains/llvm/prebuilt/linux-x86_64/bin/clang -target aarch64-linux-android21 -fomit-frame-pointer -march=armv8-a -fPIC -c -target aarch64-linux-android21 -fomit-frame-pointer -march=armv8-a -fPIC -I/home/aluoch/.buildozer/android/platform/android-ndk-r25b/toolchains/llvm/prebuilt/linux-x86_64/sysroot/usr/include -DANDROID -I/home/aluoch/.buildozer/android/platform/android-ndk-r25b/toolchains/llvm/prebuilt/linux-x86_64/sysroot/usr/include -I/home/aluoch/pc-labs/Klassify/.buildozer/android/platform/build-arm64-v8a_armeabi-v7a/build/python-installs/klassify/arm64-v8a/include/python3.1 conftest.c >&5
conftest.c:61:24: error: 'test_array' declared as an array with a negative size
static int test_array [1 - 2 * !(((long int) (sizeof (long))) <= 7)];
                       ^~~~~~~~~~~~~~~~~~~~~~~~~~~~~~~~~~~~~~~~~~~~
1 error generated.
configure:12603: $? = 1
configure: failed program was:
| /* confdefs.h */
| #define PACKAGE_NAME "FreeType"
| #define PACKAGE_TARNAME "freetype"
| #define PACKAGE_VERSION "2.10.1"
| #define PACKAGE_STRING "FreeType 2.10.1"
| #define PACKAGE_BUGREPORT "freetype@nongnu.org"
| #define PACKAGE_URL ""
| #define STDC_HEADERS 1
| #define HAVE_SYS_TYPES_H 1
| #define HAVE_SYS_STAT_H 1
| #define HAVE_STDLIB_H 1
| #define HAVE_STRING_H 1
| #define HAVE_MEMORY_H 1
| #define HAVE_STRINGS_H 1
| #define HAVE_INTTYPES_H 1
| #define HAVE_STDINT_H 1
| #define HAVE_UNISTD_H 1
| #define HAVE_DLFCN_H 1
| #define LT_OBJDIR ".libs/"
| #define STDC_HEADERS 1
| #define HAVE_FCNTL_H 1
| #define HAVE_UNISTD_H 1
| #define SIZEOF_INT 4
| /* end confdefs.h.  */
| #include <stdio.h>
| #ifdef HAVE_SYS_TYPES_H
| # include <sys/types.h>
| #endif
| #ifdef HAVE_SYS_STAT_H
| # include <sys/stat.h>
| #endif
| #ifdef STDC_HEADERS
| # include <stdlib.h>
| # include <stddef.h>
| #else
| # ifdef HAVE_STDLIB_H
| #  include <stdlib.h>
| # endif
| #endif
| #ifdef HAVE_STRING_H
| # if !defined STDC_HEADERS && defined HAVE_MEMORY_H
| #  include <memory.h>
| # endif
| # include <string.h>
| #endif
| #ifdef HAVE_STRINGS_H
| # include <strings.h>
| #endif
| #ifdef HAVE_INTTYPES_H
| # include <inttypes.h>
| #endif
| #ifdef HAVE_STDINT_H
| # include <stdint.h>
| #endif
| #ifdef HAVE_UNISTD_H
| # include <unistd.h>
| #endif
| int
| main ()
| {
| static int test_array [1 - 2 * !(((long int) (sizeof (long))) <= 7)];
| test_array [0] = 0;
| return test_array [0];
| 
|   ;
|   return 0;
| }
configure:12603: /home/aluoch/.buildozer/android/platform/android-ndk-r25b/toolchains/llvm/prebuilt/linux-x86_64/bin/clang -target aarch64-linux-android21 -fomit-frame-pointer -march=armv8-a -fPIC -c -target aarch64-linux-android21 -fomit-frame-pointer -march=armv8-a -fPIC -I/home/aluoch/.buildozer/android/platform/android-ndk-r25b/toolchains/llvm/prebuilt/linux-x86_64/sysroot/usr/include -DANDROID -I/home/aluoch/.buildozer/android/platform/android-ndk-r25b/toolchains/llvm/prebuilt/linux-x86_64/sysroot/usr/include -I/home/aluoch/pc-labs/Klassify/.buildozer/android/platform/build-arm64-v8a_armeabi-v7a/build/python-installs/klassify/arm64-v8a/include/python3.1 conftest.c >&5
configure:12603: $? = 0
configure:12603: /home/aluoch/.buildozer/android/platform/android-ndk-r25b/toolchains/llvm/prebuilt/linux-x86_64/bin/clang -target aarch64-linux-android21 -fomit-frame-pointer -march=armv8-a -fPIC -c -target aarch64-linux-android21 -fomit-frame-pointer -march=armv8-a -fPIC -I/home/aluoch/.buildozer/android/platform/android-ndk-r25b/toolchains/llvm/prebuilt/linux-x86_64/sysroot/usr/include -DANDROID -I/home/aluoch/.buildozer/android/platform/android-ndk-r25b/toolchains/llvm/prebuilt/linux-x86_64/sysroot/usr/include -I/home/aluoch/pc-labs/Klassify/.buildozer/android/platform/build-arm64-v8a_armeabi-v7a/build/python-installs/klassify/arm64-v8a/include/python3.1 conftest.c >&5
configure:12603: $? = 0
configure:12603: /home/aluoch/.buildozer/android/platform/android-ndk-r25b/toolchains/llvm/prebuilt/linux-x86_64/bin/clang -target aarch64-linux-android21 -fomit-frame-pointer -march=armv8-a -fPIC -c -target aarch64-linux-android21 -fomit-frame-pointer -march=armv8-a -fPIC -I/home/aluoch/.buildozer/android/platform/android-ndk-r25b/toolchains/llvm/prebuilt/linux-x86_64/sysroot/usr/include -DANDROID -I/home/aluoch/.buildozer/android/platform/android-ndk-r25b/toolchains/llvm/prebuilt/linux-x86_64/sysroot/usr/include -I/home/aluoch/pc-labs/Klassify/.buildozer/android/platform/build-arm64-v8a_armeabi-v7a/build/python-installs/klassify/arm64-v8a/include/python3.1 conftest.c >&5
configure:12603: $? = 0
configure:12603: /home/aluoch/.buildozer/android/platform/android-ndk-r25b/toolchains/llvm/prebuilt/linux-x86_64/bin/clang -target aarch64-linux-android21 -fomit-frame-pointer -march=armv8-a -fPIC -c -target aarch64-linux-android21 -fomit-frame-pointer -march=armv8-a -fPIC -I/home/aluoch/.buildozer/android/platform/android-ndk-r25b/toolchains/llvm/prebuilt/linux-x86_64/sysroot/usr/include -DANDROID -I/home/aluoch/.buildozer/android/platform/android-ndk-r25b/toolchains/llvm/prebuilt/linux-x86_64/sysroot/usr/include -I/home/aluoch/pc-labs/Klassify/.buildozer/android/platform/build-arm64-v8a_armeabi-v7a/build/python-installs/klassify/arm64-v8a/include/python3.1 conftest.c >&5
configure:12603: $? = 0
configure:12617: result: 8
configure:12628: checking for unsigned long long int
configure:12667: /home/aluoch/.buildozer/android/platform/android-ndk-r25b/toolchains/llvm/prebuilt/linux-x86_64/bin/clang -target aarch64-linux-android21 -fomit-frame-pointer -march=armv8-a -fPIC -o conftest -target aarch64-linux-android21 -fomit-frame-pointer -march=armv8-a -fPIC -I/home/aluoch/.buildozer/android/platform/android-ndk-r25b/toolchains/llvm/prebuilt/linux-x86_64/sysroot/usr/include -DANDROID -I/home/aluoch/.buildozer/android/platform/android-ndk-r25b/toolchains/llvm/prebuilt/linux-x86_64/sysroot/usr/include -I/home/aluoch/pc-labs/Klassify/.buildozer/android/platform/build-arm64-v8a_armeabi-v7a/build/python-installs/klassify/arm64-v8a/include/python3.1   -L/home/aluoch/pc-labs/Klassify/.buildozer/android/platform/build-arm64-v8a_armeabi-v7a/build/libs_collections/klassify/arm64-v8a -L/home/aluoch/.buildozer/android/platform/android-ndk-r25b/toolchains/llvm/prebuilt/linux-x86_64/sysroot/usr/lib/aarch64-linux-android/21 conftest.c  >&5
configure:12667: $? = 0
configure:12676: result: yes
configure:12686: checking for long long int
configure:12736: result: yes
configure:12748: checking whether cpp computation of bit length in ftconfig.in works
configure:12803: result: yes
configure:12846: checking for special C compiler options needed for large files
configure:12891: result: no
configure:12897: checking for _FILE_OFFSET_BITS value needed for large files
configure:12922: /home/aluoch/.buildozer/android/platform/android-ndk-r25b/toolchains/llvm/prebuilt/linux-x86_64/bin/clang -target aarch64-linux-android21 -fomit-frame-pointer -march=armv8-a -fPIC -c -target aarch64-linux-android21 -fomit-frame-pointer -march=armv8-a -fPIC -I/home/aluoch/.buildozer/android/platform/android-ndk-r25b/toolchains/llvm/prebuilt/linux-x86_64/sysroot/usr/include -DANDROID -I/home/aluoch/.buildozer/android/platform/android-ndk-r25b/toolchains/llvm/prebuilt/linux-x86_64/sysroot/usr/include -I/home/aluoch/pc-labs/Klassify/.buildozer/android/platform/build-arm64-v8a_armeabi-v7a/build/python-installs/klassify/arm64-v8a/include/python3.1 conftest.c >&5
configure:12922: $? = 0
configure:12954: result: no
configure:13056: checking for stdlib.h
configure:13056: result: yes
configure:13056: checking for unistd.h
configure:13056: result: yes
configure:13056: checking for sys/param.h
configure:13056: /home/aluoch/.buildozer/android/platform/android-ndk-r25b/toolchains/llvm/prebuilt/linux-x86_64/bin/clang -target aarch64-linux-android21 -fomit-frame-pointer -march=armv8-a -fPIC -c -target aarch64-linux-android21 -fomit-frame-pointer -march=armv8-a -fPIC -I/home/aluoch/.buildozer/android/platform/android-ndk-r25b/toolchains/llvm/prebuilt/linux-x86_64/sysroot/usr/include -DANDROID -I/home/aluoch/.buildozer/android/platform/android-ndk-r25b/toolchains/llvm/prebuilt/linux-x86_64/sysroot/usr/include -I/home/aluoch/pc-labs/Klassify/.buildozer/android/platform/build-arm64-v8a_armeabi-v7a/build/python-installs/klassify/arm64-v8a/include/python3.1 conftest.c >&5
configure:13056: $? = 0
configure:13056: result: yes
configure:13076: checking for getpagesize
configure:13076: /home/aluoch/.buildozer/android/platform/android-ndk-r25b/toolchains/llvm/prebuilt/linux-x86_64/bin/clang -target aarch64-linux-android21 -fomit-frame-pointer -march=armv8-a -fPIC -o conftest -target aarch64-linux-android21 -fomit-frame-pointer -march=armv8-a -fPIC -I/home/aluoch/.buildozer/android/platform/android-ndk-r25b/toolchains/llvm/prebuilt/linux-x86_64/sysroot/usr/include -DANDROID -I/home/aluoch/.buildozer/android/platform/android-ndk-r25b/toolchains/llvm/prebuilt/linux-x86_64/sysroot/usr/include -I/home/aluoch/pc-labs/Klassify/.buildozer/android/platform/build-arm64-v8a_armeabi-v7a/build/python-installs/klassify/arm64-v8a/include/python3.1   -L/home/aluoch/pc-labs/Klassify/.buildozer/android/platform/build-arm64-v8a_armeabi-v7a/build/libs_collections/klassify/arm64-v8a -L/home/aluoch/.buildozer/android/platform/android-ndk-r25b/toolchains/llvm/prebuilt/linux-x86_64/sysroot/usr/lib/aarch64-linux-android/21 conftest.c  >&5
configure:13076: $? = 0
configure:13076: result: yes
configure:13085: checking for working mmap
configure:13242: result: no
configure:13310: checking for memcpy
configure:13310: /home/aluoch/.buildozer/android/platform/android-ndk-r25b/toolchains/llvm/prebuilt/linux-x86_64/bin/clang -target aarch64-linux-android21 -fomit-frame-pointer -march=armv8-a -fPIC -o conftest -target aarch64-linux-android21 -fomit-frame-pointer -march=armv8-a -fPIC -I/home/aluoch/.buildozer/android/platform/android-ndk-r25b/toolchains/llvm/prebuilt/linux-x86_64/sysroot/usr/include -DANDROID -I/home/aluoch/.buildozer/android/platform/android-ndk-r25b/toolchains/llvm/prebuilt/linux-x86_64/sysroot/usr/include -I/home/aluoch/pc-labs/Klassify/.buildozer/android/platform/build-arm64-v8a_armeabi-v7a/build/python-installs/klassify/arm64-v8a/include/python3.1   -L/home/aluoch/pc-labs/Klassify/.buildozer/android/platform/build-arm64-v8a_armeabi-v7a/build/libs_collections/klassify/arm64-v8a -L/home/aluoch/.buildozer/android/platform/android-ndk-r25b/toolchains/llvm/prebuilt/linux-x86_64/sysroot/usr/lib/aarch64-linux-android/21 conftest.c  >&5
conftest.c:55:6: warning: incompatible redeclaration of library function 'memcpy' [-Wincompatible-library-redeclaration]
char memcpy ();
     ^
conftest.c:55:6: note: 'memcpy' is a builtin with type 'void *(void *, const void *, unsigned long)'
1 warning generated.
configure:13310: $? = 0
configure:13310: result: yes
configure:13310: checking for memmove
configure:13310: /home/aluoch/.buildozer/android/platform/android-ndk-r25b/toolchains/llvm/prebuilt/linux-x86_64/bin/clang -target aarch64-linux-android21 -fomit-frame-pointer -march=armv8-a -fPIC -o conftest -target aarch64-linux-android21 -fomit-frame-pointer -march=armv8-a -fPIC -I/home/aluoch/.buildozer/android/platform/android-ndk-r25b/toolchains/llvm/prebuilt/linux-x86_64/sysroot/usr/include -DANDROID -I/home/aluoch/.buildozer/android/platform/android-ndk-r25b/toolchains/llvm/prebuilt/linux-x86_64/sysroot/usr/include -I/home/aluoch/pc-labs/Klassify/.buildozer/android/platform/build-arm64-v8a_armeabi-v7a/build/python-installs/klassify/arm64-v8a/include/python3.1   -L/home/aluoch/pc-labs/Klassify/.buildozer/android/platform/build-arm64-v8a_armeabi-v7a/build/libs_collections/klassify/arm64-v8a -L/home/aluoch/.buildozer/android/platform/android-ndk-r25b/toolchains/llvm/prebuilt/linux-x86_64/sysroot/usr/lib/aarch64-linux-android/21 conftest.c  >&5
conftest.c:56:6: warning: incompatible redeclaration of library function 'memmove' [-Wincompatible-library-redeclaration]
char memmove ();
     ^
conftest.c:56:6: note: 'memmove' is a builtin with type 'void *(void *, const void *, unsigned long)'
1 warning generated.
configure:13310: $? = 0
configure:13310: result: yes
configure:13362: checking gcc compiler flag -pedantic to assure ANSI C works correctly
configure:13389: /home/aluoch/.buildozer/android/platform/android-ndk-r25b/toolchains/llvm/prebuilt/linux-x86_64/bin/clang -target aarch64-linux-android21 -fomit-frame-pointer -march=armv8-a -fPIC -c -target aarch64-linux-android21 -fomit-frame-pointer -march=armv8-a -fPIC -I/home/aluoch/.buildozer/android/platform/android-ndk-r25b/toolchains/llvm/prebuilt/linux-x86_64/sysroot/usr/include  -pedantic -DANDROID -I/home/aluoch/.buildozer/android/platform/android-ndk-r25b/toolchains/llvm/prebuilt/linux-x86_64/sysroot/usr/include -I/home/aluoch/pc-labs/Klassify/.buildozer/android/platform/build-arm64-v8a_armeabi-v7a/build/python-installs/klassify/arm64-v8a/include/python3.1 conftest.c >&5
configure:13389: $? = 0
configure:13390: result: ok, adding to XX_ANSIFLAGS
configure:13362: checking gcc compiler flag -ansi to assure ANSI C works correctly
configure:13389: /home/aluoch/.buildozer/android/platform/android-ndk-r25b/toolchains/llvm/prebuilt/linux-x86_64/bin/clang -target aarch64-linux-android21 -fomit-frame-pointer -march=armv8-a -fPIC -c -target aarch64-linux-android21 -fomit-frame-pointer -march=armv8-a -fPIC -I/home/aluoch/.buildozer/android/platform/android-ndk-r25b/toolchains/llvm/prebuilt/linux-x86_64/sysroot/usr/include  -pedantic -ansi -DANDROID -I/home/aluoch/.buildozer/android/platform/android-ndk-r25b/toolchains/llvm/prebuilt/linux-x86_64/sysroot/usr/include -I/home/aluoch/pc-labs/Klassify/.buildozer/android/platform/build-arm64-v8a_armeabi-v7a/build/python-installs/klassify/arm64-v8a/include/python3.1 conftest.c >&5
configure:13389: $? = 0
configure:13390: result: ok, adding to XX_ANSIFLAGS
configure:13424: checking for -fvisibility=hidden compiler flag
configure:13439: /home/aluoch/.buildozer/android/platform/android-ndk-r25b/toolchains/llvm/prebuilt/linux-x86_64/bin/clang -target aarch64-linux-android21 -fomit-frame-pointer -march=armv8-a -fPIC -o conftest -target aarch64-linux-android21 -fomit-frame-pointer -march=armv8-a -fPIC -I/home/aluoch/.buildozer/android/platform/android-ndk-r25b/toolchains/llvm/prebuilt/linux-x86_64/sysroot/usr/include -fvisibility=hidden -DANDROID -I/home/aluoch/.buildozer/android/platform/android-ndk-r25b/toolchains/llvm/prebuilt/linux-x86_64/sysroot/usr/include -I/home/aluoch/pc-labs/Klassify/.buildozer/android/platform/build-arm64-v8a_armeabi-v7a/build/python-installs/klassify/arm64-v8a/include/python3.1   -L/home/aluoch/pc-labs/Klassify/.buildozer/android/platform/build-arm64-v8a_armeabi-v7a/build/libs_collections/klassify/arm64-v8a -L/home/aluoch/.buildozer/android/platform/android-ndk-r25b/toolchains/llvm/prebuilt/linux-x86_64/sysroot/usr/lib/aarch64-linux-android/21 conftest.c  >&5
configure:13439: $? = 0
configure:13441: result: yes
configure:13514: $PKG_CONFIG --exists --print-errors "$zlib_pkg"
configure:13517: $? = 0
configure:13524: checking for ZLIB
configure:13531: $PKG_CONFIG --exists --print-errors "$zlib_pkg"
configure:13534: $? = 0
configure:13548: $PKG_CONFIG --exists --print-errors "$zlib_pkg"
configure:13551: $? = 0
configure:13589: result: yes
configure:14104: checking for library containing clock_gettime
configure:14135: /home/aluoch/.buildozer/android/platform/android-ndk-r25b/toolchains/llvm/prebuilt/linux-x86_64/bin/clang -target aarch64-linux-android21 -fomit-frame-pointer -march=armv8-a -fPIC -o conftest -target aarch64-linux-android21 -fomit-frame-pointer -march=armv8-a -fPIC -I/home/aluoch/.buildozer/android/platform/android-ndk-r25b/toolchains/llvm/prebuilt/linux-x86_64/sysroot/usr/include -fvisibility=hidden -DANDROID -I/home/aluoch/.buildozer/android/platform/android-ndk-r25b/toolchains/llvm/prebuilt/linux-x86_64/sysroot/usr/include -I/home/aluoch/pc-labs/Klassify/.buildozer/android/platform/build-arm64-v8a_armeabi-v7a/build/python-installs/klassify/arm64-v8a/include/python3.1   -L/home/aluoch/pc-labs/Klassify/.buildozer/android/platform/build-arm64-v8a_armeabi-v7a/build/libs_collections/klassify/arm64-v8a -L/home/aluoch/.buildozer/android/platform/android-ndk-r25b/toolchains/llvm/prebuilt/linux-x86_64/sysroot/usr/lib/aarch64-linux-android/21 conftest.c  >&5
configure:14135: $? = 0
configure:14152: result: none required
configure:14192: checking whether CFLAGS and LDFLAGS share -march=armv8-a
configure:14199: result: no, copy to LDFLAGS
configure:14747: checking for python3
configure:14763: found /usr/bin/python3
configure:14774: result: python3
configure:14792: checking for pip3
configure:14808: found /home/aluoch/.local/bin/pip3
configure:14819: result: pip3
configure:14833: checking for `docwriter' Python module
configure:14841: result: no
configure:15081: creating ./config.status

## ---------------------- ##
## Running config.status. ##
## ---------------------- ##

This file was extended by FreeType config.status 2.10.1, which was
generated by GNU Autoconf 2.69.  Invocation command line was

  CONFIG_FILES    = 
  CONFIG_HEADERS  = 
  CONFIG_LINKS    = 
  CONFIG_COMMANDS = 
  $ ./config.status 

on aluoch-HP

config.status:1143: creating ftoption.h
config.status:1143: creating unix-cc.mk
config.status:1143: creating unix-def.mk
config.status:1143: creating ftconfig.h
config.status:1338: executing libtool commands
configure:17329:

Library configuration:
  external zlib: yes (pkg-config)
  bzip2:         no
  libpng:        no
  harfbuzz:      no

configure:17347:
  Warning: `make refdoc' will fail since pip package `docwriter' is not
  installed.  To install, run `pip3 install docwriter', or to use a python
  virtual environment, run `make refdoc-venv' (requires pip package
  `virtualenv').
  

## ---------------- ##
## Cache variables. ##
## ---------------- ##

ac_cv_build=x86_64-pc-linux-gnu
ac_cv_c_compiler_gnu=yes
ac_cv_c_const=yes
ac_cv_env_BZIP2_CFLAGS_set=
ac_cv_env_BZIP2_CFLAGS_value=
ac_cv_env_BZIP2_LIBS_set=
ac_cv_env_BZIP2_LIBS_value=
ac_cv_env_CC_set=set
ac_cv_env_CC_value='/home/aluoch/.buildozer/android/platform/android-ndk-r25b/toolchains/llvm/prebuilt/linux-x86_64/bin/clang -target aarch64-linux-android21 -fomit-frame-pointer -march=armv8-a -fPIC'
ac_cv_env_CFLAGS_set=set
ac_cv_env_CFLAGS_value='-target aarch64-linux-android21 -fomit-frame-pointer -march=armv8-a -fPIC -I/home/aluoch/.buildozer/android/platform/android-ndk-r25b/toolchains/llvm/prebuilt/linux-x86_64/sysroot/usr/include'
ac_cv_env_CPPFLAGS_set=set
ac_cv_env_CPPFLAGS_value='-DANDROID -I/home/aluoch/.buildozer/android/platform/android-ndk-r25b/toolchains/llvm/prebuilt/linux-x86_64/sysroot/usr/include -I/home/aluoch/pc-labs/Klassify/.buildozer/android/platform/build-arm64-v8a_armeabi-v7a/build/python-installs/klassify/arm64-v8a/include/python3.1'
ac_cv_env_CPP_set=
ac_cv_env_CPP_value=
ac_cv_env_HARFBUZZ_CFLAGS_set=
ac_cv_env_HARFBUZZ_CFLAGS_value=
ac_cv_env_HARFBUZZ_LIBS_set=
ac_cv_env_HARFBUZZ_LIBS_value=
ac_cv_env_LDFLAGS_set=set
ac_cv_env_LDFLAGS_value='  -L/home/aluoch/pc-labs/Klassify/.buildozer/android/platform/build-arm64-v8a_armeabi-v7a/build/libs_collections/klassify/arm64-v8a -L/home/aluoch/.buildozer/android/platform/android-ndk-r25b/toolchains/llvm/prebuilt/linux-x86_64/sysroot/usr/lib/aarch64-linux-android/21'
ac_cv_env_LIBPNG_CFLAGS_set=
ac_cv_env_LIBPNG_CFLAGS_value=
ac_cv_env_LIBPNG_LIBS_set=
ac_cv_env_LIBPNG_LIBS_value=
ac_cv_env_LIBS_set=
ac_cv_env_LIBS_value=
ac_cv_env_LT_SYS_LIBRARY_PATH_set=
ac_cv_env_LT_SYS_LIBRARY_PATH_value=
ac_cv_env_PKG_CONFIG_LIBDIR_set=
ac_cv_env_PKG_CONFIG_LIBDIR_value=
ac_cv_env_PKG_CONFIG_PATH_set=
ac_cv_env_PKG_CONFIG_PATH_value=
ac_cv_env_PKG_CONFIG_set=
ac_cv_env_PKG_CONFIG_value=
ac_cv_env_ZLIB_CFLAGS_set=
ac_cv_env_ZLIB_CFLAGS_value=
ac_cv_env_ZLIB_LIBS_set=
ac_cv_env_ZLIB_LIBS_value=
ac_cv_env_build_alias_set=
ac_cv_env_build_alias_value=
ac_cv_env_host_alias_set=set
ac_cv_env_host_alias_value=aarch64-linux-android
ac_cv_env_target_alias_set=
ac_cv_env_target_alias_value=
ac_cv_func_getpagesize=yes
ac_cv_func_memcpy=yes
ac_cv_func_memmove=yes
ac_cv_func_mmap_fixed_mapped=no
ac_cv_header_dlfcn_h=yes
ac_cv_header_fcntl_h=yes
ac_cv_header_inttypes_h=yes
ac_cv_header_memory_h=yes
ac_cv_header_stdc=yes
ac_cv_header_stdint_h=yes
ac_cv_header_stdlib_h=yes
ac_cv_header_string_h=yes
ac_cv_header_strings_h=yes
ac_cv_header_sys_param_h=yes
ac_cv_header_sys_stat_h=yes
ac_cv_header_sys_types_h=yes
ac_cv_header_unistd_h=yes
ac_cv_header_windows_h=no
ac_cv_host=aarch64-unknown-linux-android
ac_cv_objext=o
ac_cv_path_EGREP='/usr/bin/grep -E'
ac_cv_path_FGREP='/usr/bin/grep -F'
ac_cv_path_GREP=/usr/bin/grep
ac_cv_path_SED=/usr/bin/sed
ac_cv_path_ac_pt_PKG_CONFIG=/usr/bin/pkg-config
ac_cv_path_install='/usr/bin/install -c'
ac_cv_path_lt_DD=/usr/bin/dd
ac_cv_path_mkdir=/usr/bin/mkdir
ac_cv_prog_AR=/home/aluoch/.buildozer/android/platform/android-ndk-r25b/toolchains/llvm/prebuilt/linux-x86_64/bin/llvm-ar
ac_cv_prog_AWK=mawk
ac_cv_prog_CC='/home/aluoch/.buildozer/android/platform/android-ndk-r25b/toolchains/llvm/prebuilt/linux-x86_64/bin/clang -target aarch64-linux-android21 -fomit-frame-pointer -march=armv8-a -fPIC'
ac_cv_prog_CC_BUILD=gcc
ac_cv_prog_CPP='/home/aluoch/.buildozer/android/platform/android-ndk-r25b/toolchains/llvm/prebuilt/linux-x86_64/bin/clang -target aarch64-linux-android21 -fomit-frame-pointer -march=armv8-a -fPIC -E'
ac_cv_prog_PIP=pip3
ac_cv_prog_PYTHON=python3
ac_cv_prog_RANLIB=/home/aluoch/.buildozer/android/platform/android-ndk-r25b/toolchains/llvm/prebuilt/linux-x86_64/bin/llvm-ranlib
ac_cv_prog_STRIP='/home/aluoch/.buildozer/android/platform/android-ndk-r25b/toolchains/llvm/prebuilt/linux-x86_64/bin/llvm-strip --strip-unneeded'
ac_cv_prog_ac_ct_DUMPBIN='link -dump'
ac_cv_prog_ac_ct_MANIFEST_TOOL=mt
ac_cv_prog_ac_ct_OBJDUMP=objdump
ac_cv_prog_cc_c89=
ac_cv_prog_cc_g=yes
ac_cv_search_clock_gettime='none required'
ac_cv_sizeof_int=4
ac_cv_sizeof_long=8
ac_cv_sys_file_offset_bits=no
ac_cv_sys_largefile_CC=no
ac_cv_type_long_long_int=yes
ac_cv_type_unsigned_long_long_int=yes
lt_cv_ar_at_file=@
lt_cv_archive_cmds_need_lc=no
lt_cv_deplibs_check_method=pass_all
lt_cv_file_magic_cmd='$MAGIC_CMD'
lt_cv_file_magic_test_file=
lt_cv_ld_reload_flag=-r
lt_cv_nm_interface='BSD nm'
lt_cv_objdir=.libs
lt_cv_path_LD=/home/aluoch/.buildozer/android/platform/android-ndk-r25b/toolchains/llvm/prebuilt/linux-x86_64/bin/ld
lt_cv_path_NM=no
lt_cv_path_mainfest_tool=no
lt_cv_prog_compiler_c_o=yes
lt_cv_prog_compiler_pic='-fPIC -DPIC'
lt_cv_prog_compiler_pic_works=yes
lt_cv_prog_compiler_rtti_exceptions=yes
lt_cv_prog_compiler_static_works=yes
lt_cv_prog_gnu_ld=yes
lt_cv_sharedlib_from_linklib_cmd='printf %s\n'
lt_cv_sys_global_symbol_pipe='sed -n -e '\''s/^.*[	 ]\([ABCDGIRSTW][ABCDGIRSTW]*\)[	 ][	 ]*\([_A-Za-z][_A-Za-z0-9]*\)$/\1 \2 \2/p'\'' | sed '\''/ __gnu_lto/d'\'''
lt_cv_sys_global_symbol_to_c_name_address='sed -n -e '\''s/^: \(.*\) .*$/  {"\1", (void *) 0},/p'\'' -e '\''s/^[ABCDGIRSTW][ABCDGIRSTW]* .* \(.*\)$/  {"\1", (void *) \&\1},/p'\'''
lt_cv_sys_global_symbol_to_c_name_address_lib_prefix='sed -n -e '\''s/^: \(.*\) .*$/  {"\1", (void *) 0},/p'\'' -e '\''s/^[ABCDGIRSTW][ABCDGIRSTW]* .* \(lib.*\)$/  {"\1", (void *) \&\1},/p'\'' -e '\''s/^[ABCDGIRSTW][ABCDGIRSTW]* .* \(.*\)$/  {"lib\1", (void *) \&\1},/p'\'''
lt_cv_sys_global_symbol_to_cdecl='sed -n -e '\''s/^T .* \(.*\)$/extern int \1();/p'\'' -e '\''s/^[ABCDGIRSTW][ABCDGIRSTW]* .* \(.*\)$/extern char \1;/p'\'''
lt_cv_sys_global_symbol_to_import=
lt_cv_sys_max_cmd_len=1572864
lt_cv_to_host_file_cmd=func_convert_file_noop
lt_cv_to_tool_file_cmd=func_convert_file_noop
lt_cv_truncate_bin='/usr/bin/dd bs=4096 count=1'
pkg_cv_ZLIB_CFLAGS=
pkg_cv_ZLIB_LIBS=-lz

## ----------------- ##
## Output variables. ##
## ----------------- ##

AR='/home/aluoch/.buildozer/android/platform/android-ndk-r25b/toolchains/llvm/prebuilt/linux-x86_64/bin/llvm-ar'
AS='as'
AWK='mawk'
BZIP2_CFLAGS=''
BZIP2_LIBS=''
CC='/home/aluoch/.buildozer/android/platform/android-ndk-r25b/toolchains/llvm/prebuilt/linux-x86_64/bin/clang -target aarch64-linux-android21 -fomit-frame-pointer -march=armv8-a -fPIC'
CC_BUILD='gcc'
CFLAGS='-target aarch64-linux-android21 -fomit-frame-pointer -march=armv8-a -fPIC -I/home/aluoch/.buildozer/android/platform/android-ndk-r25b/toolchains/llvm/prebuilt/linux-x86_64/sysroot/usr/include -fvisibility=hidden '
CPP='/home/aluoch/.buildozer/android/platform/android-ndk-r25b/toolchains/llvm/prebuilt/linux-x86_64/bin/clang -target aarch64-linux-android21 -fomit-frame-pointer -march=armv8-a -fPIC -E'
CPPFLAGS='-DANDROID -I/home/aluoch/.buildozer/android/platform/android-ndk-r25b/toolchains/llvm/prebuilt/linux-x86_64/sysroot/usr/include -I/home/aluoch/pc-labs/Klassify/.buildozer/android/platform/build-arm64-v8a_armeabi-v7a/build/python-installs/klassify/arm64-v8a/include/python3.1'
DEFS='-DHAVE_CONFIG_H'
DLLTOOL='false'
DSYMUTIL=''
DUMPBIN=':'
ECHO_C=''
ECHO_N='-n'
ECHO_T=''
EGREP='/usr/bin/grep -E'
EXEEXT=''
EXEEXT_BUILD=''
FGREP='/usr/bin/grep -F'
FTSYS_SRC='$(BASE_DIR)/ftsystem.c'
GREP='/usr/bin/grep'
HARFBUZZ_CFLAGS=''
HARFBUZZ_LIBS=''
INSTALL_DATA='${INSTALL} -m 644'
INSTALL_FT2_CONFIG='FALSE'
INSTALL_PROGRAM='${INSTALL}'
INSTALL_SCRIPT='${INSTALL}'
LD='/home/aluoch/.buildozer/android/platform/android-ndk-r25b/toolchains/llvm/prebuilt/linux-x86_64/bin/ld'
LDFLAGS='  -L/home/aluoch/pc-labs/Klassify/.buildozer/android/platform/build-arm64-v8a_armeabi-v7a/build/libs_collections/klassify/arm64-v8a -L/home/aluoch/.buildozer/android/platform/android-ndk-r25b/toolchains/llvm/prebuilt/linux-x86_64/sysroot/usr/lib/aarch64-linux-android/21 -march=armv8-a -lz'
LIBOBJS=''
LIBPNG_CFLAGS=''
LIBPNG_LIBS=''
LIBS=''
LIBSSTATIC_CONFIG='-lfreetype -lz'
LIBS_PRIVATE=''
LIBTOOL='$(SHELL) $(top_builddir)/libtool'
LIB_CLOCK_GETTIME=''
LIPO=''
LN_S='ln -s'
LTLIBOBJS=''
LT_SYS_LIBRARY_PATH=''
MANIFEST_TOOL=':'
MKDIR_P='/usr/bin/mkdir -p'
NM='nm'
NMEDIT=''
OBJDUMP='objdump'
OBJEXT='o'
OTOOL64=''
OTOOL=''
PACKAGE_BUGREPORT='freetype@nongnu.org'
PACKAGE_NAME='FreeType'
PACKAGE_STRING='FreeType 2.10.1'
PACKAGE_TARNAME='freetype'
PACKAGE_URL=''
PACKAGE_VERSION='2.10.1'
PATH_SEPARATOR=':'
PIP='pip3'
PKG_CONFIG='/usr/bin/pkg-config'
PKG_CONFIG_LIBDIR=''
PKG_CONFIG_PATH=''
PYTHON='python3'
RANLIB='/home/aluoch/.buildozer/android/platform/android-ndk-r25b/toolchains/llvm/prebuilt/linux-x86_64/bin/llvm-ranlib'
RC=''
REQUIRES_PRIVATE='zlib'
SED='/usr/bin/sed'
SHELL='/bin/bash'
STRIP='/home/aluoch/.buildozer/android/platform/android-ndk-r25b/toolchains/llvm/prebuilt/linux-x86_64/bin/llvm-strip --strip-unneeded'
XX_ANSIFLAGS=' -pedantic -ansi'
XX_CFLAGS='-Wall'
ZLIB_CFLAGS=''
ZLIB_LIBS='-lz'
ac_ct_AR=''
ac_ct_CC=''
ac_ct_DUMPBIN='link -dump'
bindir='${exec_prefix}/bin'
build='x86_64-pc-linux-gnu'
build_alias=''
build_cpu='x86_64'
build_libtool_libs=''
build_os='linux-gnu'
build_vendor='pc'
datadir='${datarootdir}'
datarootdir='${prefix}/share'
docdir='${datarootdir}/doc/${PACKAGE_TARNAME}'
dvidir='${docdir}'
exec_prefix='${prefix}'
ft_version='23.1.17'
ftmac_c=''
hardcode_libdir_flag_spec='-L$libdir'
host='aarch64-unknown-linux-android'
host_alias='aarch64-linux-android'
host_cpu='aarch64'
host_os='linux-android'
host_vendor='unknown'
htmldir='${docdir}'
includedir='${prefix}/include'
infodir='${datarootdir}/info'
libdir='${exec_prefix}/lib'
libexecdir='${exec_prefix}/libexec'
localedir='${datarootdir}/locale'
localstatedir='${prefix}/var'
mandir='${datarootdir}/man'
oldincludedir='/usr/include'
pdfdir='${docdir}'
prefix='/home/aluoch/pc-labs/Klassify/.buildozer/android/platform/build-arm64-v8a_armeabi-v7a/build/other_builds/freetype/arm64-v8a__ndk_target_21/freetype'
program_transform_name='s,x,x,'
psdir='${docdir}'
sbindir='${exec_prefix}/sbin'
sharedstatedir='${prefix}/com'
sysconfdir='${prefix}/etc'
target_alias=''
version_info='23:1:17'
wl='-Wl,'

## ----------- ##
## confdefs.h. ##
## ----------- ##

/* confdefs.h */
#define PACKAGE_NAME "FreeType"
#define PACKAGE_TARNAME "freetype"
#define PACKAGE_VERSION "2.10.1"
#define PACKAGE_STRING "FreeType 2.10.1"
#define PACKAGE_BUGREPORT "freetype@nongnu.org"
#define PACKAGE_URL ""
#define STDC_HEADERS 1
#define HAVE_SYS_TYPES_H 1
#define HAVE_SYS_STAT_H 1
#define HAVE_STDLIB_H 1
#define HAVE_STRING_H 1
#define HAVE_MEMORY_H 1
#define HAVE_STRINGS_H 1
#define HAVE_INTTYPES_H 1
#define HAVE_STDINT_H 1
#define HAVE_UNISTD_H 1
#define HAVE_DLFCN_H 1
#define LT_OBJDIR ".libs/"
#define STDC_HEADERS 1
#define HAVE_FCNTL_H 1
#define HAVE_UNISTD_H 1
#define SIZEOF_INT 4
#define SIZEOF_LONG 8
#define HAVE_UNSIGNED_LONG_LONG_INT 1
#define HAVE_LONG_LONG_INT 1
#define HAVE_STDLIB_H 1
#define HAVE_UNISTD_H 1
#define HAVE_SYS_PARAM_H 1
#define HAVE_GETPAGESIZE 1
#define HAVE_MEMCPY 1
#define HAVE_MEMMOVE 1

configure: exit 0
